JvmtiExport can_access_local_variables 0
JvmtiExport can_hotswap_or_post_breakpoint 0
JvmtiExport can_post_on_exceptions 0
# 611 ciObject found
instanceKlass org/gradle/workers/internal/WorkerDaemonClientsManager$$Lambda$4089
instanceKlass org/gradle/workers/internal/WorkerDaemonExpiration$SimpleMemoryExpirationSelector
instanceKlass com/android/ide/common/blame/parser/aapt/ReadOnlyDocument
instanceKlass com/android/ide/common/blame/parser/util/OutputLineReader
instanceKlass com/android/ide/common/blame/parser/aapt/Aapt2ErrorParser$MessageParser
instanceKlass com/android/ide/common/blame/parser/aapt/AbstractAaptOutputParser
instanceKlass com/android/ide/common/blame/parser/aapt/Aapt2OutputParser
instanceKlass com/android/ide/common/blame/parser/PatternAwareOutputParser
instanceKlass com/android/ide/common/blame/parser/ToolOutputParser
instanceKlass com/android/builder/internal/aapt/v2/Aapt2ExceptionKt
instanceKlass com/android/builder/internal/aapt/v2/Aapt2Exception$Companion
instanceKlass com/android/builder/internal/aapt/v2/AaptV2CommandBuilder$makeLinkCommand$lambda-6$lambda-5$$inlined$sortedBy$1
instanceKlass com/android/build/gradle/internal/tasks/IncrementalTask$getChangedInputs$2
instanceKlass com/android/build/gradle/internal/tasks/IncrementalTask$getChangedInputs$1
instanceKlass android/databinding/tool/store/ResourceBundle$IncludedLayout$Builder
instanceKlass android/databinding/tool/store/LayoutInfoLog$getLayoutsThatDependOn$1
instanceKlass com/android/build/gradle/internal/tasks/databinding/DataBindingGenBaseClassesTask$buildInputArgs$2
instanceKlass com/android/build/gradle/internal/tasks/databinding/DataBindingGenBaseClassesTask$buildInputArgs$1
instanceKlass com/android/ide/common/blame/SourceFileJsonTypeAdapter$1
instanceKlass com/android/ide/common/blame/MergingLogPersistUtil$$Lambda$4088
instanceKlass com/android/ide/common/resources/ResourceSet$1
instanceKlass org/gradle/internal/operations/BuildOperationDescriptor$1
instanceKlass org/gradle/api/internal/provider/AbstractProperty$1
instanceKlass org/gradle/cache/internal/btree/FileBackedBlockStore$1
instanceKlass java/lang/invoke/LambdaForm$MH
instanceKlass java/lang/invoke/LambdaForm$MH
instanceKlass java/lang/invoke/LambdaForm$MH
instanceKlass java/lang/invoke/LambdaForm$MH
instanceKlass java/lang/invoke/LambdaForm$MH
instanceKlass java/lang/invoke/LambdaForm$MH
instanceKlass java/lang/invoke/LambdaForm$MH
instanceKlass java/lang/invoke/LambdaForm$MH
instanceKlass java/lang/invoke/LambdaForm$MH
instanceKlass java/lang/invoke/LambdaForm$MH
instanceKlass java/lang/invoke/LambdaForm$MH
instanceKlass java/lang/invoke/LambdaForm$MH
instanceKlass java/lang/invoke/LambdaForm$MH
instanceKlass java/lang/invoke/LambdaForm$MH
instanceKlass java/lang/invoke/LambdaForm$MH
instanceKlass java/lang/invoke/LambdaForm$MH
instanceKlass java/lang/invoke/LambdaForm$MH
instanceKlass sun/rmi/transport/ObjectTable$1
instanceKlass java/lang/invoke/LambdaForm$MH
instanceKlass java/lang/invoke/LambdaForm$DMH
instanceKlass java/lang/invoke/LambdaForm$MH
instanceKlass java/lang/invoke/LambdaForm$DMH
instanceKlass java/lang/invoke/LambdaForm$MH
instanceKlass java/lang/invoke/LambdaForm$DMH
instanceKlass java/lang/invoke/LambdaForm$MH
instanceKlass java/lang/invoke/LambdaForm$DMH
instanceKlass java/lang/invoke/LambdaForm$MH
instanceKlass java/lang/invoke/LambdaForm$DMH
instanceKlass java/lang/invoke/LambdaForm$MH
instanceKlass java/lang/invoke/LambdaForm$BMH
instanceKlass java/lang/invoke/LambdaForm$DMH
instanceKlass java/lang/invoke/LambdaForm$MH
instanceKlass java/lang/invoke/LambdaForm$MH
instanceKlass java/lang/invoke/LambdaForm$MH
instanceKlass java/lang/invoke/LambdaForm$MH
instanceKlass java/lang/invoke/LambdaForm$MH
instanceKlass java/lang/invoke/LambdaForm$MH
instanceKlass java/lang/invoke/LambdaForm$MH
instanceKlass java/lang/invoke/LambdaForm$MH
instanceKlass java/lang/invoke/LambdaForm$MH
instanceKlass java/lang/invoke/LambdaForm$MH
instanceKlass java/lang/invoke/LambdaForm$MH
instanceKlass java/lang/invoke/LambdaForm$MH
instanceKlass java/lang/invoke/LambdaForm$MH
instanceKlass java/lang/invoke/LambdaForm$MH
instanceKlass java/lang/invoke/LambdaForm$MH
instanceKlass java/lang/invoke/LambdaForm$MH
instanceKlass java/lang/invoke/LambdaForm$MH
instanceKlass java/lang/invoke/LambdaForm$MH
instanceKlass java/lang/invoke/LambdaForm$MH
instanceKlass java/lang/invoke/LambdaForm$MH
instanceKlass java/lang/invoke/LambdaForm$MH
instanceKlass java/lang/invoke/LambdaForm$MH
instanceKlass java/lang/invoke/LambdaForm$MH
instanceKlass java/lang/invoke/LambdaForm$MH
instanceKlass java/lang/invoke/LambdaForm$MH
instanceKlass java/lang/invoke/LambdaForm$MH
instanceKlass java/lang/invoke/LambdaForm$MH
instanceKlass java/lang/invoke/LambdaForm$MH
instanceKlass java/lang/invoke/LambdaForm$MH
instanceKlass java/lang/invoke/LambdaForm$MH
instanceKlass java/lang/invoke/LambdaForm$MH
instanceKlass java/lang/invoke/LambdaForm$MH
instanceKlass java/lang/invoke/LambdaForm$MH
instanceKlass java/lang/invoke/LambdaForm$MH
instanceKlass java/lang/invoke/LambdaForm$MH
instanceKlass java/lang/invoke/LambdaForm$MH
instanceKlass java/lang/invoke/LambdaForm$MH
instanceKlass java/lang/invoke/LambdaForm$MH
instanceKlass java/lang/invoke/LambdaForm$MH
instanceKlass java/lang/invoke/LambdaForm$MH
instanceKlass java/lang/invoke/LambdaForm$MH
instanceKlass java/lang/invoke/LambdaForm$MH
instanceKlass java/lang/invoke/LambdaForm$MH
instanceKlass java/lang/invoke/LambdaForm$MH
instanceKlass java/lang/invoke/LambdaForm$MH
instanceKlass java/lang/invoke/LambdaForm$MH
instanceKlass java/lang/invoke/LambdaForm$MH
instanceKlass java/lang/invoke/LambdaForm$MH
instanceKlass java/lang/invoke/LambdaForm$MH
instanceKlass java/lang/invoke/LambdaForm$MH
instanceKlass java/lang/invoke/LambdaForm$MH
instanceKlass java/lang/invoke/LambdaForm$MH
instanceKlass java/lang/invoke/LambdaForm$MH
instanceKlass java/lang/invoke/LambdaForm$MH
instanceKlass java/lang/invoke/LambdaForm$MH
instanceKlass java/lang/invoke/LambdaForm$MH
instanceKlass java/lang/invoke/LambdaForm$MH
instanceKlass java/lang/invoke/LambdaForm$MH
instanceKlass java/lang/invoke/LambdaForm$MH
instanceKlass com/google/common/collect/ImmutableSet$SerializedForm
instanceKlass com/google/common/collect/ImmutableMap$SerializedForm
instanceKlass com/google/common/collect/ImmutableMap$Builder
instanceKlass com/google/common/collect/AbstractMultimap
instanceKlass com/google/common/collect/SetMultimap
instanceKlass com/google/common/collect/Multimap
instanceKlass com/google/common/collect/Platform
instanceKlass com/google/common/collect/ImmutableList$SerializedForm
instanceKlass com/android/tools/idea/gradle/model/ndk/v1/IdeNativeVariantAbi
instanceKlass com/android/tools/idea/gradle/model/ndk/v1/IdeNativeAndroidProject
instanceKlass com/android/tools/idea/gradle/model/ndk/v2/IdeNativeModule
instanceKlass org/gradle/kotlin/dsl/tooling/builders/StandardKotlinDslScriptModel
instanceKlass org/gradle/tooling/model/kotlin/dsl/KotlinDslScriptModel
instanceKlass com/android/tools/idea/gradle/project/sync/IdeAndroidModels
instanceKlass com/android/tools/idea/gradle/project/sync/GradleModule$ModelConsumer
instanceKlass com/android/build/gradle/internal/ide/DefaultProjectSyncIssues$Companion
instanceKlass com/android/build/gradle/internal/ide/DefaultProjectSyncIssues
instanceKlass com/android/builder/model/ProjectSyncIssues
instanceKlass kotlin/Unit
instanceKlass com/android/ide/gradle/model/artifacts/AdditionalClassifierArtifacts
instanceKlass com/android/ide/gradle/model/artifacts/impl/AdditionalClassifierArtifactsModelImpl
instanceKlass com/android/ide/gradle/model/ArtifactIdentifierImpl
instanceKlass com/android/ide/gradle/model/artifacts/impl/AdditionalClassifierArtifactsImpl
instanceKlass com/android/ide/gradle/model/artifacts/AdditionalClassifierArtifacts
instanceKlass com/android/ide/gradle/model/artifacts/builder/AdditionalClassifierArtifactsModelBuilder$buildAll$ids$1$1
instanceKlass com/android/ide/gradle/model/ArtifactIdentifier
instanceKlass com/android/ide/gradle/model/AdditionalClassifierArtifactsModelParameter
instanceKlass com/android/tools/idea/gradle/project/sync/AdditionalClassifierArtifactsModelCollectorKt$getAdditionalClassifierArtifactsModel$1$1$1
instanceKlass com/android/ide/gradle/model/AdditionalClassifierArtifactsModelParameter
instanceKlass com/android/ide/gradle/model/artifacts/AdditionalClassifierArtifactsModel
instanceKlass com/android/ide/gradle/model/ArtifactIdentifierImpl
instanceKlass com/android/ide/gradle/model/ArtifactIdentifier
instanceKlass com/android/ide/common/repository/GradleCoordinate$GradleCoordinateComparator
instanceKlass com/android/ide/common/repository/GradleCoordinate$RevisionComponent
instanceKlass com/android/ide/common/repository/GradleCoordinate
instanceKlass kotlin/jvm/internal/ArrayIterator
instanceKlass kotlin/jvm/internal/ArrayIteratorKt
instanceKlass kotlin/collections/ArraysKt___ArraysKt$asSequence$$inlined$Sequence$1
instanceKlass kotlin/collections/AbstractIterator$WhenMappings
instanceKlass kotlin/collections/AbstractIterator
instanceKlass kotlin/sequences/DistinctSequence
instanceKlass com/android/tools/idea/gradle/project/sync/AndroidModuleKt
instanceKlass com/android/tools/idea/gradle/project/sync/AdditionalClassifierArtifactsModelCollectorKt
instanceKlass com/android/tools/idea/gradle/project/sync/AndroidExtraModelProviderWorker$SyncVariantResult
instanceKlass com/android/tools/idea/gradle/project/sync/VariantSelectionChange$Companion
instanceKlass com/android/tools/idea/gradle/project/sync/VariantSelectionChange
instanceKlass com/android/tools/idea/gradle/project/sync/VariantDetailsKt
instanceKlass com/android/tools/idea/gradle/model/impl/IdeVariantImpl
instanceKlass com/android/tools/idea/gradle/model/IdeVariant
instanceKlass com/android/tools/idea/gradle/model/IdeVariantHeader
instanceKlass com/google/common/collect/PeekingIterator
instanceKlass com/google/common/collect/Iterators
instanceKlass kotlin/collections/EmptyIterator
instanceKlass kotlin/jvm/functions/Function2
instanceKlass com/android/tools/idea/gradle/model/impl/IdeJavaArtifactImpl
instanceKlass com/android/tools/idea/gradle/model/IdeJavaArtifact
instanceKlass com/android/tools/idea/gradle/model/impl/IdeTestOptionsImpl
instanceKlass com/android/tools/idea/gradle/model/IdeTestOptions
instanceKlass com/android/tools/idea/gradle/model/impl/IdeModuleLibraryImpl
instanceKlass com/android/tools/idea/gradle/model/impl/IdeModuleLibraryCore
instanceKlass com/android/tools/idea/gradle/model/IdeModuleLibrary
instanceKlass com/android/tools/idea/gradle/project/sync/ModelCacheKt$modelCacheImpl$createFromDependencies$createModuleLibrary$1
instanceKlass com/android/tools/idea/gradle/model/impl/IdeAndroidArtifactImpl
instanceKlass com/android/tools/idea/gradle/model/IdeAndroidArtifact
instanceKlass com/android/tools/idea/gradle/model/IdeBaseArtifact
instanceKlass com/android/tools/idea/gradle/model/impl/IdeDependenciesImpl
instanceKlass com/android/tools/idea/gradle/model/IdeDependencies
instanceKlass com/google/common/collect/ImmutableCollection$Builder
instanceKlass com/android/tools/idea/gradle/model/impl/IdeJavaLibraryImpl
instanceKlass com/android/tools/idea/gradle/model/impl/IdeJavaLibraryCore
instanceKlass com/android/tools/idea/gradle/model/IdeJavaLibrary
instanceKlass com/android/tools/idea/gradle/project/sync/ModelCacheKt$modelCacheImpl$createFromDependencies$populateJavaLibraries$1
instanceKlass com/android/tools/idea/gradle/model/impl/IdeAndroidLibraryImpl
instanceKlass com/android/tools/idea/gradle/model/impl/IdeAndroidLibraryCore$Companion
instanceKlass com/android/tools/idea/gradle/model/impl/IdeAndroidLibraryCore
instanceKlass com/android/tools/idea/gradle/model/IdeAndroidLibrary
instanceKlass com/android/tools/idea/gradle/model/IdeLibrary
instanceKlass com/android/tools/idea/gradle/project/sync/ModelCacheKt$modelCacheImpl$createFromDependencies$populateAndroidLibraries$1
instanceKlass com/android/tools/idea/gradle/model/impl/IdeMavenCoordinatesImpl
instanceKlass com/android/tools/idea/gradle/model/IdeMavenCoordinates
instanceKlass com/android/tools/idea/gradle/project/sync/AndroidExtraModelProviderWorker$NativeVariantAbiResult
instanceKlass org/jetbrains/kotlin/kapt/idea/KaptSourceSetModelImpl
instanceKlass org/jetbrains/kotlin/kapt/idea/KaptSourceSetModel
instanceKlass com/android/tools/idea/gradle/project/sync/AndroidExtraModelProviderWorker$findKaptGradleModelForAndroidProject$1
instanceKlass org/jetbrains/kotlin/gradle/ArgsInfo
instanceKlass org/jetbrains/kotlin/gradle/KotlinTaskProperties
instanceKlass org/jetbrains/kotlin/gradle/KotlinGradleModelImpl
instanceKlass com/android/build/gradle/internal/dependency/ArtifactCollectionWithExtraArtifact$ExtraResolvedArtifactResult
instanceKlass com/android/build/gradle/internal/dependency/ArtifactCollectionWithExtraArtifact$TestedComponentIdentifierImpl
instanceKlass org/jetbrains/kotlin/gradle/plugin/KotlinSourceSet$Companion
instanceKlass org/jetbrains/kotlin/gradle/KotlinTaskPropertiesImpl
instanceKlass org/jetbrains/kotlin/gradle/KotlinTaskProperties
instanceKlass org/jetbrains/kotlin/gradle/KotlinTasksPropertyUtilsKt
instanceKlass org/jetbrains/kotlin/gradle/ArgsInfoImpl
instanceKlass org/jetbrains/kotlin/gradle/ArgsInfo
instanceKlass com/android/utils/StringHelper
instanceKlass com/android/tools/idea/gradle/project/sync/AndroidExtraModelProviderWorker$findKotlinGradleModelForAndroidProject$1
instanceKlass org/jetbrains/plugins/gradle/tooling/ModelBuilderService$Parameter
instanceKlass com/android/tools/r8/BackportedMethodList$$Lambda$4087
instanceKlass com/android/tools/r8/BackportedMethodList$$Lambda$4086
instanceKlass com/android/tools/r8/internal/b2$$Lambda$4085
instanceKlass com/android/tools/r8/internal/la$$Lambda$4084
instanceKlass com/android/tools/r8/internal/la$$Lambda$4083
instanceKlass com/android/tools/r8/internal/V9
instanceKlass com/android/tools/r8/internal/b2$$Lambda$4082
instanceKlass com/android/tools/r8/internal/b2$f$$Lambda$4081
instanceKlass com/android/tools/r8/internal/b2$f$$Lambda$4080
instanceKlass com/android/tools/r8/internal/b2$f$$Lambda$4079
instanceKlass com/android/tools/r8/internal/b2$f$$Lambda$4078
instanceKlass com/android/tools/r8/internal/b2$f$$Lambda$4077
instanceKlass com/android/tools/r8/internal/b2$f$$Lambda$4076
instanceKlass com/android/tools/r8/internal/b2$f$$Lambda$4075
instanceKlass com/android/tools/r8/internal/b2$f$$Lambda$4074
instanceKlass com/android/tools/r8/internal/b2$f$$Lambda$4073
instanceKlass java/lang/invoke/LambdaForm$DMH
instanceKlass com/android/tools/r8/internal/R7$$Lambda$4072
instanceKlass com/android/tools/r8/internal/R7
instanceKlass com/android/tools/r8/internal/b2$f$$Lambda$4071
instanceKlass com/android/tools/r8/internal/b2$f$$Lambda$4070
instanceKlass com/android/tools/r8/internal/b2$f$$Lambda$4069
instanceKlass com/android/tools/r8/internal/b2$f$$Lambda$4068
instanceKlass com/android/tools/r8/internal/b2$f$$Lambda$4067
instanceKlass com/android/tools/r8/internal/b2$f$$Lambda$4066
instanceKlass com/android/tools/r8/internal/b2$f$$Lambda$4065
instanceKlass com/android/tools/r8/internal/b2$f$$Lambda$4064
instanceKlass com/android/tools/r8/internal/b2$f$$Lambda$4063
instanceKlass com/android/tools/r8/internal/b2$f$$Lambda$4062
instanceKlass com/android/tools/r8/internal/b2$f$$Lambda$4061
instanceKlass com/android/tools/r8/internal/b2$f$$Lambda$4060
instanceKlass com/android/tools/r8/internal/b2$f$$Lambda$4059
instanceKlass com/android/tools/r8/internal/b2$f$$Lambda$4058
instanceKlass com/android/tools/r8/internal/b2$f$$Lambda$4057
instanceKlass com/android/tools/r8/internal/b2$f$$Lambda$4056
instanceKlass com/android/tools/r8/internal/b2$f$$Lambda$4055
instanceKlass com/android/tools/r8/internal/b2$f$$Lambda$4054
instanceKlass com/android/tools/r8/internal/b2$f$$Lambda$4053
instanceKlass com/android/tools/r8/internal/b2$f$$Lambda$4052
instanceKlass com/android/tools/r8/internal/b2$f$$Lambda$4051
instanceKlass com/android/tools/r8/internal/b2$f$$Lambda$4050
instanceKlass com/android/tools/r8/internal/b2$f$$Lambda$4049
instanceKlass com/android/tools/r8/internal/b2$f$$Lambda$4048
instanceKlass com/android/tools/r8/internal/b2$f$$Lambda$4047
instanceKlass com/android/tools/r8/internal/b2$f$$Lambda$4046
instanceKlass com/android/tools/r8/internal/b2$f$$Lambda$4045
instanceKlass com/android/tools/r8/internal/b2$f$$Lambda$4044
instanceKlass com/android/tools/r8/internal/b2$f$$Lambda$4043
instanceKlass com/android/tools/r8/internal/b2$f$$Lambda$4042
instanceKlass com/android/tools/r8/internal/b2$f$$Lambda$4041
instanceKlass com/android/tools/r8/internal/b2$f$$Lambda$4040
instanceKlass com/android/tools/r8/internal/b2$f$$Lambda$4039
instanceKlass com/android/tools/r8/internal/b2$f$$Lambda$4038
instanceKlass com/android/tools/r8/internal/b2$f$$Lambda$4037
instanceKlass com/android/tools/r8/internal/b2$f$$Lambda$4036
instanceKlass com/android/tools/r8/internal/b2$f$$Lambda$4035
instanceKlass com/android/tools/r8/internal/b2$f$$Lambda$4034
instanceKlass com/android/tools/r8/internal/b2$f$$Lambda$4033
instanceKlass com/android/tools/r8/internal/b2$f$$Lambda$4032
instanceKlass com/android/tools/r8/internal/b2$f$$Lambda$4031
instanceKlass com/android/tools/r8/internal/b2$f$$Lambda$4030
instanceKlass com/android/tools/r8/internal/b2$f$$Lambda$4029
instanceKlass com/android/tools/r8/internal/b2$f$$Lambda$4028
instanceKlass com/android/tools/r8/internal/b2$f$$Lambda$4027
instanceKlass com/android/tools/r8/internal/b2$f$$Lambda$4026
instanceKlass com/android/tools/r8/internal/b2$f$$Lambda$4025
instanceKlass com/android/tools/r8/internal/b2$f$$Lambda$4024
instanceKlass com/android/tools/r8/internal/Z2$$Lambda$4023
instanceKlass com/android/tools/r8/internal/Z2
instanceKlass com/android/tools/r8/internal/b2$f$$Lambda$4022
instanceKlass com/android/tools/r8/internal/b2$f$$Lambda$4021
instanceKlass com/android/tools/r8/internal/Yc$$Lambda$4020
instanceKlass com/android/tools/r8/internal/Yc
instanceKlass com/android/tools/r8/internal/b2$f$$Lambda$4019
instanceKlass com/android/tools/r8/internal/b2$f$$Lambda$4018
instanceKlass com/android/tools/r8/internal/Kt$$Lambda$4017
instanceKlass com/android/tools/r8/internal/Kt$$Lambda$4016
instanceKlass com/android/tools/r8/internal/Kt
instanceKlass com/android/tools/r8/internal/b2$f$$Lambda$4015
instanceKlass com/android/tools/r8/internal/b2$f$$Lambda$4014
instanceKlass com/android/tools/r8/internal/b2$f$$Lambda$4013
instanceKlass com/android/tools/r8/internal/b2$f$$Lambda$4012
instanceKlass com/android/tools/r8/internal/b2$f$$Lambda$4011
instanceKlass com/android/tools/r8/internal/b2$f$$Lambda$4010
instanceKlass com/android/tools/r8/internal/b2$a
instanceKlass com/android/tools/r8/internal/b2$f$$Lambda$4009
instanceKlass com/android/tools/r8/internal/Zu$$Lambda$4008
instanceKlass com/android/tools/r8/internal/Zu
instanceKlass com/android/tools/r8/internal/b2$f$$Lambda$4007
instanceKlass com/android/tools/r8/internal/b2$f$$Lambda$4006
instanceKlass com/android/tools/r8/internal/b2$f$$Lambda$4005
instanceKlass com/android/tools/r8/internal/b2$f$$Lambda$4004
instanceKlass com/android/tools/r8/internal/b2$f$$Lambda$4003
instanceKlass com/android/tools/r8/internal/aq$$Lambda$4002
instanceKlass com/android/tools/r8/internal/aq
instanceKlass com/android/tools/r8/internal/b2$f$$Lambda$4001
instanceKlass com/android/tools/r8/internal/b2$f$$Lambda$4000
instanceKlass com/android/tools/r8/internal/b2$f$$Lambda$3999
instanceKlass com/android/tools/r8/BackportedMethodList$$Lambda$3998
instanceKlass com/android/tools/r8/utils/U$a
instanceKlass com/android/tools/r8/internal/rj$$Lambda$3997
instanceKlass com/android/tools/r8/utils/U$$Lambda$3996
instanceKlass com/android/tools/r8/BackportedMethodList
instanceKlass com/android/tools/r8/internal/UA$a
instanceKlass com/android/tools/r8/BackportedMethodListCommand$Builder$a
instanceKlass com/android/tools/r8/BackportedMethodListCommand$Builder
instanceKlass com/android/tools/r8/BackportedMethodListCommand
instanceKlass com/android/builder/dexing/D8DesugaredMethodsGenerator$CustomStringConsumer
instanceKlass com/android/builder/dexing/D8DesugaredMethodsGenerator
instanceKlass com/android/build/gradle/internal/ide/ModelBuilder$$Lambda$3995
instanceKlass com/android/build/gradle/internal/ide/VariantImpl
instanceKlass com/android/build/gradle/TestAndroidConfig
instanceKlass com/android/build/gradle/internal/dependency/MockableJarTransform$Parameters$Inject
instanceKlass com/android/build/gradle/internal/TaskManager$createMockableJarTask$1$1
instanceKlass com/android/build/gradle/internal/ide/TestOptionsImpl
instanceKlass com/android/build/gradle/internal/tasks/DeviceProviderInstrumentTestTask$$Lambda$3994
instanceKlass com/android/build/gradle/internal/ide/ModelBuilder$$Lambda$3993
instanceKlass com/android/build/gradle/internal/ide/DependenciesImpl$ProjectIdentifierImpl
instanceKlass org/gradle/api/internal/artifacts/ivyservice/projectmodule/ProjectArtifactResolver$ResolvingCalculator$$Lambda$3992
instanceKlass org/gradle/api/internal/artifacts/ivyservice/projectmodule/ProjectArtifactResolver$ResolvingCalculator
instanceKlass org/gradle/api/internal/artifacts/ivyservice/projectmodule/ProjectArtifactSetResolver$$Lambda$3991
instanceKlass org/gradle/internal/component/model/VariantWithOverloadAttributes
instanceKlass org/gradle/api/internal/artifacts/ivyservice/projectmodule/DefaultProjectLocalComponentProvider$$Lambda$3990
instanceKlass com/android/build/gradle/internal/ide/ModelBuilder$1
instanceKlass com/android/build/gradle/internal/ide/ModelBuilder$$Lambda$3989
instanceKlass com/android/builder/model/JavaArtifact
instanceKlass com/android/build/gradle/internal/ide/ModelBuilder$$Lambda$3988
instanceKlass com/android/build/gradle/internal/ide/BaseArtifactImpl
instanceKlass com/android/build/gradle/internal/ide/level2/EmptyDependencyGraphs
instanceKlass com/android/build/gradle/internal/ide/DependenciesImpl$$Lambda$3987
instanceKlass com/android/builder/model/Dependencies$ProjectIdentifier
instanceKlass com/android/build/gradle/internal/ide/DependenciesImpl
instanceKlass com/google/common/collect/AbstractMapBasedMultimap$Itr
instanceKlass com/android/build/gradle/internal/ide/dependencies/ArtifactDependencyGraph$$Lambda$3986
instanceKlass com/android/builder/model/JavaLibrary
instanceKlass com/android/builder/dependency/HashCodeUtils
instanceKlass com/android/builder/dependency/MavenCoordinatesImpl$Companion
instanceKlass com/android/build/gradle/internal/ide/LibraryImpl
instanceKlass com/android/builder/model/AndroidLibrary
instanceKlass com/android/builder/model/AndroidBundle
instanceKlass com/android/builder/model/Library
instanceKlass com/android/ide/common/caching/CreatingCache$1
instanceKlass com/android/ide/common/caching/CreatingCache$ValueState
instanceKlass com/android/build/gradle/internal/ide/dependencies/LibraryUtils
instanceKlass org/gradle/api/internal/artifacts/repositories/resolver/DefaultMutableVariantFilesMetadata
instanceKlass org/gradle/api/artifacts/MutableVariantFilesMetadata
instanceKlass org/gradle/internal/component/external/model/LazyRuleAwareWithBaseConfigurationMetadata
instanceKlass org/gradle/internal/component/external/model/AbstractLazyModuleComponentResolveMetadata$$Lambda$3985
instanceKlass org/gradle/internal/component/model/VariantFilesRules
instanceKlass com/android/ide/gradle/model/artifacts/samples/SamplesVariantRule$execute$1$2
instanceKlass org/gradle/internal/component/model/VariantAttributesRules
instanceKlass com/android/ide/gradle/model/artifacts/samples/SamplesVariantRule$execute$1$1
instanceKlass org/gradle/api/internal/artifacts/repositories/resolver/ComponentMetadataDetailsAdapter$VariantNameSpec
instanceKlass org/gradle/internal/component/external/model/AdditionalVariant
instanceKlass com/android/ide/gradle/model/artifacts/samples/SamplesVariantRule$execute$1
instanceKlass org/gradle/api/attributes/DocsType$Impl
instanceKlass org/gradle/internal/component/external/model/ivy/IvyModuleResolveMetadata
instanceKlass org/gradle/api/internal/artifacts/dsl/MetadataDescriptorFactory
instanceKlass org/gradle/api/internal/artifacts/dsl/DefaultComponentMetadataContext
instanceKlass org/gradle/api/internal/artifacts/dsl/DefaultComponentMetadataProcessor$ExceptionHandler
instanceKlass com/android/build/gradle/internal/ide/dependencies/ArtifactUtils
instanceKlass com/android/build/gradle/internal/ide/dependencies/MavenCoordinatesCacheBuildService$cache$1
instanceKlass com/android/builder/dependency/MavenCoordinatesImpl
instanceKlass com/android/builder/model/MavenCoordinates
instanceKlass com/android/build/gradle/internal/ide/dependencies/MavenCoordinatesCacheBuildService$Parameters$Inject
instanceKlass com/android/build/gradle/internal/ide/dependencies/LibraryDependencyCacheBuildService$localJarCache$1
instanceKlass com/android/build/gradle/internal/ide/dependencies/LibraryDependencyCacheBuildService$libraryCache$1
instanceKlass com/android/ide/common/caching/CreatingCache$ValueFactory
instanceKlass com/android/build/gradle/internal/ide/dependencies/ResolvedArtifact
instanceKlass com/android/builder/model/level2/Library
instanceKlass com/android/ide/common/caching/CreatingCache
instanceKlass com/android/build/gradle/internal/ide/dependencies/LibraryDependencyCacheBuildService$Parameters$Inject
instanceKlass com/android/build/gradle/internal/ide/dependencies/ArtifactHandler
instanceKlass com/android/build/gradle/internal/ide/dependencies/Level1DependencyModelBuilder
instanceKlass com/android/build/gradle/internal/ide/DependencyFailureHandler
instanceKlass com/android/build/gradle/internal/ide/dependencies/ArtifactDependencyGraph
instanceKlass com/android/build/gradle/internal/ide/dependencies/DependencyGraphBuilder
instanceKlass com/android/build/gradle/internal/ide/dependencies/DependencyGraphBuilderKt
instanceKlass com/android/build/gradle/internal/ide/InstantRunImpl
instanceKlass com/android/build/gradle/internal/ide/ModelBuilder$SourceProviders
instanceKlass com/android/tools/idea/gradle/project/sync/AndroidExtraModelProviderWorker$findVariantModel$1
instanceKlass kotlin/Pair
instanceKlass kotlin/TuplesKt
instanceKlass com/android/tools/idea/gradle/project/sync/ModuleConfiguration
instanceKlass kotlin/sequences/FilteringSequence$iterator$1
instanceKlass kotlin/sequences/SequencesKt___SequencesKt$sortedWith$1
instanceKlass com/android/tools/idea/gradle/project/sync/AndroidExtraModelProviderWorker$prepareRequestedOrDefaultModuleConfigurations$$inlined$sortedBy$1
instanceKlass kotlin/sequences/FilteringSequence
instanceKlass com/android/tools/idea/gradle/model/impl/IdeAndroidProjectImpl
instanceKlass com/android/tools/idea/gradle/model/IdeAndroidProject
instanceKlass com/android/tools/idea/gradle/model/impl/IdeAndroidGradlePluginProjectFlagsImpl
instanceKlass com/android/tools/idea/gradle/model/IdeAndroidGradlePluginProjectFlags
instanceKlass com/android/tools/idea/gradle/model/impl/IdeDependenciesInfoImpl
instanceKlass com/android/tools/idea/gradle/model/IdeDependenciesInfo
instanceKlass com/android/tools/idea/gradle/model/impl/IdeViewBindingOptionsImpl
instanceKlass com/android/tools/idea/gradle/model/IdeViewBindingOptions
instanceKlass com/android/tools/idea/gradle/model/impl/IdeBuildTasksAndOutputInformationImpl
instanceKlass com/android/tools/idea/gradle/model/IdeBuildTasksAndOutputInformation
instanceKlass com/android/tools/idea/gradle/model/impl/IdeVariantBuildInformationImpl
instanceKlass com/android/tools/idea/gradle/model/IdeVariantBuildInformation
instanceKlass com/android/tools/idea/gradle/model/impl/IdeAaptOptionsImpl
instanceKlass com/android/tools/idea/gradle/model/IdeAaptOptions
instanceKlass com/android/tools/idea/gradle/project/sync/ModelCacheKt$WhenMappings
instanceKlass com/android/tools/idea/gradle/model/impl/IdeJavaCompileOptionsImpl
instanceKlass com/android/tools/idea/gradle/model/IdeJavaCompileOptions
instanceKlass com/android/tools/idea/gradle/model/impl/IdeLintOptionsImpl
instanceKlass com/android/tools/idea/gradle/model/IdeLintOptions
instanceKlass com/google/common/collect/ImmutableSet$SetBuilderImpl
instanceKlass kotlin/collections/EmptySet
instanceKlass kotlin/collections/SetsKt__SetsJVMKt
instanceKlass com/android/tools/idea/gradle/model/impl/IdeSigningConfigImpl
instanceKlass com/android/tools/idea/gradle/model/IdeSigningConfig
instanceKlass com/android/tools/idea/gradle/model/impl/IdeBuildTypeContainerImpl
instanceKlass com/android/tools/idea/gradle/model/IdeBuildTypeContainer
instanceKlass com/android/tools/idea/gradle/model/impl/IdeBuildTypeImpl
instanceKlass com/android/tools/idea/gradle/model/IdeBuildType
instanceKlass com/android/tools/idea/gradle/model/impl/IdeProductFlavorContainerImpl
instanceKlass com/android/tools/idea/gradle/model/IdeProductFlavorContainer
instanceKlass com/android/tools/idea/gradle/model/impl/IdeSourceProviderContainerImpl
instanceKlass com/android/tools/idea/gradle/model/IdeSourceProviderContainer
instanceKlass com/android/tools/idea/gradle/model/impl/IdeSourceProviderImpl
instanceKlass com/android/tools/idea/gradle/model/IdeSourceProvider
instanceKlass kotlin/io/FilePathComponents
instanceKlass kotlin/text/StringsKt__AppendableKt
instanceKlass kotlin/io/FilesKt__FilePathComponentsKt
instanceKlass com/android/tools/idea/gradle/model/impl/IdeProductFlavorImpl
instanceKlass com/android/tools/idea/gradle/model/IdeProductFlavor
instanceKlass com/android/tools/idea/gradle/model/IdeBaseConfig
instanceKlass com/android/tools/idea/gradle/model/impl/IdeApiVersionImpl
instanceKlass com/android/tools/idea/gradle/model/IdeApiVersion
instanceKlass com/android/tools/idea/gradle/model/impl/IdeVectorDrawablesOptionsImpl
instanceKlass com/android/tools/idea/gradle/model/IdeVectorDrawablesOptions
instanceKlass com/google/common/collect/AbstractMapEntry
instanceKlass com/google/common/base/Function
instanceKlass com/google/common/collect/Iterables
instanceKlass com/google/common/collect/BiMap
instanceKlass com/google/common/collect/ImmutableMap
instanceKlass kotlin/ranges/RangesKt__RangesKt
instanceKlass kotlin/collections/EmptyMap
instanceKlass kotlin/collections/MapsKt__MapWithDefaultKt
instanceKlass com/google/common/base/Verify
instanceKlass com/android/builder/model/NativeAndroidProject
instanceKlass com/android/builder/model/v2/models/ndk/NativeModelBuilderParameter
instanceKlass kotlin/collections/EmptyList
instanceKlass com/android/tools/idea/gradle/project/sync/AndroidExtraModelProviderWorker$getNativeModuleFromGradle$1
instanceKlass com/android/builder/model/v2/models/ndk/NativeModelBuilderParameter
instanceKlass com/android/builder/model/v2/models/ndk/NativeModule
instanceKlass com/android/builder/model/v2/AndroidModel
instanceKlass com/android/builder/model/NativeToolchain
instanceKlass com/android/builder/model/VariantBuildInformation
instanceKlass com/android/builder/model/SyncIssue
instanceKlass com/android/builder/model/SigningConfig
instanceKlass com/android/builder/model/BuildType
instanceKlass com/android/builder/model/BuildTypeContainer
instanceKlass com/android/builder/model/SourceProviderContainer
instanceKlass com/android/builder/model/ArtifactMetaData
instanceKlass com/android/builder/model/TestedTargetVariant
instanceKlass com/android/builder/model/JavaArtifact
instanceKlass com/android/builder/model/NativeLibrary
instanceKlass com/android/build/FilterData
instanceKlass com/android/builder/model/AndroidArtifactOutput
instanceKlass com/android/build/OutputFile
instanceKlass com/android/build/VariantOutput
instanceKlass com/android/builder/model/InstantRun
instanceKlass com/android/builder/model/TestOptions
instanceKlass com/android/builder/model/level2/GraphItem
instanceKlass com/android/builder/model/Dependencies$ProjectIdentifier
instanceKlass com/android/builder/model/JavaLibrary
instanceKlass com/android/builder/model/MavenCoordinates
instanceKlass com/android/builder/model/AndroidLibrary
instanceKlass com/android/builder/model/level2/DependencyGraphs
instanceKlass com/android/builder/model/SourceProvider
instanceKlass com/android/builder/model/Dependencies
instanceKlass com/android/builder/model/VectorDrawablesOptions
instanceKlass com/android/builder/model/ApiVersion
instanceKlass com/android/builder/model/ClassField
instanceKlass com/android/builder/model/AndroidArtifact
instanceKlass com/android/builder/model/ProductFlavor
instanceKlass com/android/builder/model/DimensionAware
instanceKlass com/android/builder/model/Variant
instanceKlass com/android/builder/model/DependenciesInfo
instanceKlass com/android/builder/model/JavaCompileOptions
instanceKlass com/android/builder/model/ViewBindingOptions
instanceKlass com/android/builder/model/LintOptions
instanceKlass com/android/builder/model/AaptOptions
instanceKlass com/android/builder/model/ProductFlavorContainer
instanceKlass com/android/builder/model/AndroidGradlePluginProjectFlags
instanceKlass com/android/build/gradle/internal/ide/DefaultJavaCompileOptions
instanceKlass com/android/build/gradle/internal/lint/CustomLintCheckUtils$getLocalCustomLintChecks$1$1
instanceKlass com/android/build/gradle/internal/lint/CustomLintCheckUtils$getLocalCustomLintChecks$1
instanceKlass com/android/build/gradle/internal/lint/CustomLintCheckUtils
instanceKlass com/android/build/gradle/internal/ide/ModelBuilder$$Lambda$3984
instanceKlass com/android/build/gradle/internal/ide/SigningConfigImpl
instanceKlass com/android/builder/model/JavaCompileOptions
instanceKlass com/android/build/gradle/internal/ide/DefaultAndroidProject
instanceKlass com/android/build/gradle/internal/tasks/ExtractApksTask$Companion
instanceKlass com/android/build/gradle/internal/tasks/BundleIdeModelProducerTask$CreationAction$configure$1
instanceKlass com/android/build/gradle/internal/ide/VariantBuildInformationImp
instanceKlass com/android/build/gradle/internal/ide/ModelBuilder$$Lambda$3983
instanceKlass com/android/build/gradle/internal/ide/AndroidGradlePluginProjectFlagsImpl
instanceKlass com/android/build/gradle/internal/ide/ModelBuilder$$Lambda$3982
instanceKlass com/android/build/gradle/internal/ide/ModelBuilder$$Lambda$3981
instanceKlass com/android/build/gradle/internal/ide/BuildTypeContainerImpl
instanceKlass com/android/builder/model/BuildTypeContainer
instanceKlass com/android/build/gradle/internal/ide/ApiVersionImpl
instanceKlass com/android/build/gradle/internal/ide/BaseConfigImpl
instanceKlass com/android/build/gradle/internal/ide/SourceProviderImpl
instanceKlass com/android/build/gradle/internal/ide/SourceProviderContainerImpl$$Lambda$3980
instanceKlass com/android/build/gradle/internal/ide/SourceProviderContainerImpl
instanceKlass com/android/builder/model/SourceProviderContainer
instanceKlass com/android/build/gradle/internal/ide/ProductFlavorContainerImpl
instanceKlass com/android/builder/model/ProductFlavorContainer
instanceKlass com/android/build/gradle/internal/ide/DependenciesInfoImpl$Companion
instanceKlass com/android/build/gradle/internal/ide/DependenciesInfoImpl
instanceKlass com/android/build/gradle/internal/ide/ViewBindingOptionsImpl$Companion
instanceKlass com/android/build/gradle/internal/ide/ViewBindingOptionsImpl
instanceKlass com/android/build/gradle/internal/ide/ModelBuilder$$Lambda$3979
instanceKlass com/android/build/gradle/internal/ide/AaptOptionsImpl
instanceKlass com/android/builder/model/AaptOptions
instanceKlass com/android/build/gradle/internal/ide/ArtifactMetaDataImpl
instanceKlass com/android/builder/model/ArtifactMetaData
instanceKlass com/android/builder/core/VariantType$Companion
instanceKlass com/android/build/gradle/internal/ide/ModelBuilder$$Lambda$3978
instanceKlass com/android/build/gradle/internal/ide/MajorMinorVersion
instanceKlass com/android/build/gradle/internal/ide/StudioVersions
instanceKlass org/gradle/tooling/internal/adapter/ProtocolToModelAdapter$MethodInvocationCache$MethodInvocationKey
instanceKlass org/gradle/tooling/internal/adapter/MethodInvocation
instanceKlass com/android/build/gradle/internal/ide/FailsafeModelBuilderParameter
instanceKlass org/gradle/tooling/internal/adapter/ProtocolToModelAdapter$AdaptingMethodInvoker
instanceKlass org/gradle/tooling/internal/adapter/ProtocolToModelAdapter$PropertyCachingMethodInvoker
instanceKlass org/gradle/tooling/internal/adapter/ProtocolToModelAdapter$SafeMethodInvoker
instanceKlass org/gradle/tooling/internal/adapter/ProtocolToModelAdapter$SupportedPropertyInvoker
instanceKlass org/gradle/tooling/internal/adapter/ProtocolToModelAdapter$InvocationHandlerImpl
instanceKlass org/gradle/tooling/internal/adapter/ProtocolToModelAdapter$ViewKey
instanceKlass org/gradle/tooling/internal/adapter/ProtocolToModelAdapter$ViewGraphDetails
instanceKlass org/gradle/tooling/internal/adapter/ProtocolToModelAdapter$MixInMappingAction
instanceKlass org/gradle/tooling/internal/adapter/ProtocolToModelAdapter$DefaultViewBuilder
instanceKlass org/gradle/tooling/internal/adapter/CollectionMapper
instanceKlass org/gradle/tooling/internal/adapter/TypeInspector
instanceKlass org/gradle/tooling/internal/adapter/ProtocolToModelAdapter$MethodInvocationCache
instanceKlass org/gradle/tooling/internal/adapter/ProtocolToModelAdapter$ReflectionMethodInvoker
instanceKlass org/gradle/tooling/internal/adapter/MethodInvoker
instanceKlass org/gradle/tooling/internal/adapter/ProtocolToModelAdapter$1
instanceKlass org/gradle/tooling/internal/adapter/ProtocolToModelAdapter$NoOpDecoration
instanceKlass org/gradle/tooling/internal/adapter/ViewBuilder
instanceKlass org/gradle/tooling/internal/adapter/TargetTypeProvider
instanceKlass org/gradle/tooling/internal/adapter/ProtocolToModelAdapter$ViewDecoration
instanceKlass org/gradle/tooling/internal/adapter/ProtocolToModelAdapter
instanceKlass org/gradle/tooling/internal/adapter/ObjectGraphAdapter
instanceKlass com/google/common/base/Joiner
instanceKlass com/android/utils/FileUtils
instanceKlass com/android/tools/idea/gradle/project/sync/Modules
instanceKlass com/android/tools/idea/gradle/project/sync/GradleModule
instanceKlass org/jetbrains/kotlin/kapt/idea/KaptSourceSetModel
instanceKlass org/jetbrains/kotlin/kapt/idea/KaptGradleModelImpl
instanceKlass org/jetbrains/kotlin/kapt/idea/KaptGradleModel
instanceKlass org/jetbrains/kotlin/gradle/KotlinGradleModel
instanceKlass org/gradle/tooling/internal/consumer/connection/ToolingParameterProxy
instanceKlass com/android/tools/idea/gradle/project/sync/AndroidExtraModelProviderWorker$findParameterizedAndroidModel$model$1
instanceKlass com/android/builder/model/ModelBuilderParameter
instanceKlass com/android/builder/model/AndroidProject
instanceKlass kotlin/sequences/FlatteningSequence$iterator$1
instanceKlass kotlin/sequences/TransformingSequence$iterator$1
instanceKlass kotlin/jvm/internal/markers/KMappedMarker
instanceKlass kotlin/sequences/TransformingSequence
instanceKlass kotlin/jvm/internal/CallableReference$NoReceiver
instanceKlass kotlin/reflect/KDeclarationContainer
instanceKlass kotlin/jvm/internal/CallableReference
instanceKlass kotlin/reflect/KFunction
instanceKlass kotlin/reflect/KCallable
instanceKlass kotlin/reflect/KAnnotatedElement
instanceKlass kotlin/sequences/FlatteningSequence
instanceKlass kotlin/sequences/SequencesKt__SequenceBuilderKt
instanceKlass kotlin/jvm/internal/Lambda
instanceKlass kotlin/jvm/internal/FunctionBase
instanceKlass kotlin/jvm/functions/Function1
instanceKlass kotlin/Function
instanceKlass kotlin/collections/CollectionsKt___CollectionsKt$asSequence$$inlined$Sequence$1
instanceKlass kotlin/sequences/Sequence
instanceKlass kotlin/collections/ArraysUtilJVM
instanceKlass kotlin/collections/ArraysKt__ArraysJVMKt
instanceKlass kotlin/collections/CollectionsKt__CollectionsJVMKt
instanceKlass com/android/tools/idea/gradle/project/sync/AndroidExtraModelProviderWorkerKt
instanceKlass com/android/tools/idea/gradle/project/sync/ModelCacheKt$modelCacheImpl$1
instanceKlass com/android/tools/idea/gradle/project/sync/ModelCacheTesting
instanceKlass com/google/common/collect/ObjectArrays
instanceKlass com/google/common/collect/UnmodifiableIterator
instanceKlass com/android/ide/common/repository/GradleVersion$VersionSegment
instanceKlass com/google/common/base/AbstractIterator$1
instanceKlass com/google/common/collect/CollectPreconditions
instanceKlass com/google/common/collect/Lists
instanceKlass com/google/common/base/Splitter$5
instanceKlass com/google/common/base/AbstractIterator
instanceKlass com/google/common/base/Splitter$1
instanceKlass com/google/common/base/Preconditions
instanceKlass com/google/common/base/CharMatcher
instanceKlass com/google/common/base/Predicate
instanceKlass com/google/common/base/CommonPattern
instanceKlass com/google/common/base/Splitter$Strategy
instanceKlass com/google/common/base/Splitter
instanceKlass com/android/ide/common/repository/GradleVersion
instanceKlass com/android/builder/model/BaseArtifact
instanceKlass com/android/builder/model/AndroidBundle
instanceKlass com/android/builder/model/Library
instanceKlass com/android/builder/model/BaseConfig
instanceKlass com/android/builder/model/Named
instanceKlass com/android/tools/idea/gradle/project/sync/ModelCacheKt
instanceKlass com/android/tools/idea/gradle/project/sync/ModelCache$Companion
instanceKlass com/android/tools/idea/gradle/project/sync/ModelCache
instanceKlass com/android/tools/idea/gradle/project/sync/SequentialSyncActionRunner
instanceKlass com/android/tools/idea/gradle/project/sync/GradleInjectedSyncActionRunner
instanceKlass com/android/tools/idea/gradle/project/sync/SyncActionRunnerKt
instanceKlass com/android/tools/idea/gradle/model/impl/BuildFolderPaths
instanceKlass com/android/tools/idea/gradle/project/sync/ModelConverter
instanceKlass com/android/tools/idea/gradle/project/sync/AndroidExtraModelProviderWorker
instanceKlass kotlin/Result$Failure
instanceKlass kotlin/Result$Companion
instanceKlass kotlin/Result
instanceKlass org/gradle/tooling/model/kotlin/dsl/EditorPosition
instanceKlass org/gradle/tooling/model/kotlin/dsl/EditorReport
instanceKlass org/gradle/tooling/model/kotlin/dsl/KotlinDslScriptModel
instanceKlass org/gradle/kotlin/dsl/tooling/builders/KotlinBuildScriptModelBuilderKt
instanceKlass org/gradle/kotlin/dsl/tooling/builders/StandardKotlinDslScriptsModel
instanceKlass org/gradle/kotlin/dsl/tooling/builders/CommonKotlinDslScriptModel
instanceKlass org/gradle/kotlin/dsl/tooling/builders/KotlinDslScriptsParameter
instanceKlass kotlin/coroutines/jvm/internal/Boxing
instanceKlass kotlin/Result$Failure
instanceKlass kotlin/ResultKt
instanceKlass kotlin/Result$Companion
instanceKlass kotlin/Result
instanceKlass kotlin/coroutines/EmptyCoroutineContext
instanceKlass kotlin/coroutines/CoroutineContext
instanceKlass kotlin/coroutines/jvm/internal/DebugProbesKt
instanceKlass kotlin/coroutines/intrinsics/IntrinsicsKt__IntrinsicsJvmKt
instanceKlass kotlin/sequences/SequenceScope
instanceKlass kotlin/sequences/SequencesKt__SequenceBuilderKt$sequence$$inlined$Sequence$1
instanceKlass kotlin/coroutines/jvm/internal/BaseContinuationImpl
instanceKlass kotlin/coroutines/jvm/internal/CoroutineStackFrame
instanceKlass kotlin/coroutines/jvm/internal/SuspendFunction
instanceKlass org/gradle/kotlin/dsl/tooling/builders/KotlinDslScriptsModelBuilderKt
instanceKlass com/amazon/ion/impl/bin/IonRawBinaryWriter$PatchList$1
instanceKlass com/intellij/openapi/util/Comparing
instanceKlass org/jetbrains/plugins/gradle/tooling/serialization/internal/IdeaProjectSerializationService$WriteContext$FilePathComparator
instanceKlass org/jetbrains/plugins/gradle/tooling/serialization/internal/IdeaProjectSerializationService$3
instanceKlass org/jetbrains/plugins/gradle/tooling/serialization/internal/IdeaProjectSerializationService$TestResourceDirectoriesGetter
instanceKlass org/jetbrains/plugins/gradle/tooling/serialization/internal/IdeaProjectSerializationService$ResourceDirectoriesGetter
instanceKlass org/jetbrains/plugins/gradle/tooling/serialization/internal/IdeaProjectSerializationService$7
instanceKlass org/jetbrains/plugins/gradle/tooling/serialization/internal/IdeaProjectSerializationService$11
instanceKlass org/jetbrains/plugins/gradle/tooling/serialization/internal/IdeaProjectSerializationService$10
instanceKlass org/jetbrains/plugins/gradle/tooling/serialization/internal/IdeaProjectSerializationService$8
instanceKlass org/jetbrains/plugins/gradle/tooling/serialization/internal/IdeaProjectSerializationService$2
instanceKlass com/amazon/ion/impl/bin/IonRawBinaryWriter$PatchList$Node
instanceKlass com/amazon/ion/impl/bin/IonRawBinaryWriter$PatchPoint
instanceKlass org/jetbrains/plugins/gradle/tooling/serialization/internal/IdeaProjectSerializationService$JdkGetter
instanceKlass org/gradle/internal/impldep/com/google/api/client/repackaged/com/google/common/base/ExtraObjectsMethodsForWeb
instanceKlass org/jetbrains/plugins/gradle/tooling/serialization/internal/IdeaProjectSerializationService$JavaHomePathGetter
instanceKlass org/jetbrains/plugins/gradle/tooling/serialization/internal/IdeaProjectSerializationService$TargetBytecodeVersionGetter
instanceKlass org/jetbrains/plugins/gradle/tooling/serialization/internal/IdeaProjectSerializationService$6
instanceKlass com/amazon/ion/impl/bin/IonRawBinaryWriter$ContainerInfo
instanceKlass gnu/trove/PrimeFinder
instanceKlass org/jetbrains/plugins/gradle/tooling/serialization/internal/IdeaProjectSerializationService$1
instanceKlass com/amazon/ion/impl/bin/IonManagedBinaryWriter$ImportDescriptor
instanceKlass com/amazon/ion/impl/bin/IonRawBinaryWriter$1
instanceKlass com/amazon/ion/impl/bin/IonRawBinaryWriter$RecyclingStack
instanceKlass com/amazon/ion/impl/bin/IonRawBinaryWriter$PatchList
instanceKlass com/amazon/ion/impl/bin/WriteBuffer
instanceKlass com/amazon/ion/impl/bin/Block
instanceKlass com/amazon/ion/impl/_Private_SymtabExtendsCache
instanceKlass com/amazon/ion/impl/lite/ContainerlessContext
instanceKlass com/amazon/ion/impl/lite/IonLoaderLite
instanceKlass com/amazon/ion/impl/LocalSymbolTable
instanceKlass com/amazon/ion/impl/LocalSymbolTableAsStruct$Factory
instanceKlass com/amazon/ion/IonDatagram
instanceKlass com/amazon/ion/IonLoader
instanceKlass com/amazon/ion/IonStruct
instanceKlass com/amazon/ion/IonSexp
instanceKlass com/amazon/ion/impl/lite/IonContext
instanceKlass com/amazon/ion/impl/_Private_IonContainer
instanceKlass com/amazon/ion/impl/_Private_IonSymbol
instanceKlass com/amazon/ion/IonTimestamp
instanceKlass com/amazon/ion/IonInt
instanceKlass com/amazon/ion/impl/lite/IonValueLite
instanceKlass com/amazon/ion/impl/_Private_IonValue
instanceKlass com/amazon/ion/IonNull
instanceKlass com/amazon/ion/IonClob
instanceKlass com/amazon/ion/IonBool
instanceKlass com/amazon/ion/IonBlob
instanceKlass com/amazon/ion/IonLob
instanceKlass com/amazon/ion/IonSymbol
instanceKlass com/amazon/ion/IonDecimal
instanceKlass com/amazon/ion/IonNumber
instanceKlass com/amazon/ion/IonList
instanceKlass com/amazon/ion/IonSequence
instanceKlass com/amazon/ion/IonContainer
instanceKlass com/amazon/ion/IonFloat
instanceKlass com/amazon/ion/IonString
instanceKlass com/amazon/ion/IonText
instanceKlass com/amazon/ion/impl/lite/ValueFactoryLite
instanceKlass com/amazon/ion/impl/_Private_ValueFactory
instanceKlass com/amazon/ion/impl/_Private_IonSystem
instanceKlass com/amazon/ion/IonSystem
instanceKlass com/amazon/ion/impl/lite/_Private_LiteDomTrampoline
instanceKlass com/amazon/ion/system/IonReaderBuilder
instanceKlass com/amazon/ion/IonValue
instanceKlass com/amazon/ion/IonReader
instanceKlass com/amazon/ion/impl/SharedSymbolTable
instanceKlass com/amazon/ion/util/_Private_FastAppendable
instanceKlass com/amazon/ion/impl/_Private_IonWriterBase
instanceKlass com/amazon/ion/impl/_Private_ReaderWriter
instanceKlass com/amazon/ion/impl/_Private_Utils$1
instanceKlass com/amazon/ion/impl/_Private_Utils
instanceKlass com/amazon/ion/system/IonSystemBuilder
instanceKlass com/amazon/ion/system/SimpleCatalog
instanceKlass com/amazon/ion/IonMutableCatalog
instanceKlass com/amazon/ion/impl/bin/IonRawBinaryWriter$RecyclingStack$ElementFactory
instanceKlass com/amazon/ion/impl/bin/IonManagedBinaryWriter$ImportedSymbolResolverMode$1$1$1
instanceKlass com/amazon/ion/impl/bin/IonManagedBinaryWriter$SymbolResolver
instanceKlass com/amazon/ion/impl/bin/IonManagedBinaryWriter$ImportedSymbolResolverMode$1$1
instanceKlass com/amazon/ion/impl/bin/AbstractSymbolTable
instanceKlass com/amazon/ion/impl/bin/Symbols$1
instanceKlass com/amazon/ion/SymbolToken
instanceKlass com/amazon/ion/impl/bin/Symbols
instanceKlass com/amazon/ion/impl/bin/IonManagedBinaryWriter$SymbolResolverBuilder
instanceKlass com/amazon/ion/impl/bin/IonManagedBinaryWriter$ImportedSymbolContext
instanceKlass com/amazon/ion/impl/bin/_Private_IonRawWriter
instanceKlass com/amazon/ion/impl/bin/AbstractIonWriter
instanceKlass com/amazon/ion/impl/_Private_ByteTransferSink
instanceKlass com/amazon/ion/impl/_Private_IonWriter
instanceKlass com/amazon/ion/impl/bin/_Private_IonManagedWriter
instanceKlass com/amazon/ion/impl/bin/IonBinaryWriterAdapter$Factory
instanceKlass com/amazon/ion/IonCatalog
instanceKlass com/amazon/ion/impl/bin/_Private_IonManagedBinaryWriterBuilder
instanceKlass com/amazon/ion/impl/bin/BlockAllocator
instanceKlass com/amazon/ion/IonBinaryWriter
instanceKlass com/amazon/ion/IonWriter
instanceKlass com/amazon/ion/facet/Faceted
instanceKlass com/amazon/ion/impl/_Private_LocalSymbolTableFactory
instanceKlass com/amazon/ion/ValueFactory
instanceKlass com/amazon/ion/SymbolTable
instanceKlass com/amazon/ion/impl/bin/BlockAllocatorProvider
instanceKlass com/amazon/ion/system/IonWriterBuilder
instanceKlass org/jetbrains/plugins/gradle/tooling/serialization/ToolingStreamApiUtils
instanceKlass org/jetbrains/plugins/gradle/tooling/serialization/ExternalProjectSerializationService$8
instanceKlass org/jetbrains/plugins/gradle/tooling/serialization/ExternalProjectSerializationService$7
instanceKlass org/jetbrains/plugins/gradle/tooling/serialization/ExternalProjectSerializationService$1
instanceKlass org/jetbrains/plugins/gradle/model/ExternalFilter
instanceKlass org/jetbrains/plugins/gradle/model/FilePatternSet
instanceKlass org/jetbrains/plugins/gradle/model/ExternalSourceDirectorySet
instanceKlass com/intellij/openapi/externalSystem/model/project/IExternalSystemSourceType
instanceKlass org/jetbrains/plugins/gradle/ExternalDependencyId
instanceKlass org/jetbrains/plugins/gradle/model/ExternalSourceSet
instanceKlass org/gradle/api/tasks/SourceSetOutput
instanceKlass org/gradle/model/internal/inspect/ExtractedRuleSource
instanceKlass org/gradle/model/internal/core/ModelView
instanceKlass org/gradle/model/internal/core/NodePredicate
instanceKlass org/codehaus/groovy/runtime/typehandling/NumberMath
instanceKlass org/jetbrains/plugins/gradle/tooling/builder/ModelBuildersDataProviders$1
instanceKlass org/jetbrains/plugins/gradle/tooling/builder/ModelBuildersDataProviders
instanceKlass org/jetbrains/kotlin/gradle/internal/AndroidExtensionsSubpluginIndicator
instanceKlass org/jetbrains/kotlin/gradle/internal/ParcelizeSubplugin
instanceKlass org/jetbrains/plugins/gradle/tooling/serialization/ExternalTestsSerializationService$2
instanceKlass org/jetbrains/plugins/gradle/model/tests/DefaultExternalTestSourceMapping
instanceKlass org/jetbrains/plugins/gradle/model/tests/ExternalTestSourceMapping
instanceKlass org/gradle/api/internal/tasks/testing/WorkerTestClassProcessorFactory
instanceKlass org/gradle/api/internal/tasks/testing/detection/TestFrameworkDetector
instanceKlass com/android/build/gradle/tasks/factory/AndroidUnitTest$CreationAction$$Lambda$3977
instanceKlass java/lang/invoke/LambdaForm$DMH
instanceKlass com/android/build/gradle/internal/scope/GlobalScope$$Lambda$3976
instanceKlass com/android/build/gradle/internal/scope/GlobalScope$$Lambda$3975
instanceKlass java/lang/invoke/LambdaForm$DMH
instanceKlass com/android/build/gradle/tasks/factory/AndroidUnitTest$CreationAction$$Lambda$3974
instanceKlass com/android/build/gradle/tasks/factory/AndroidUnitTest$CreationAction$$Lambda$3973
instanceKlass org/gradle/jvm/toolchain/internal/DefaultJavaToolchainService$$Lambda$3972
instanceKlass org/gradle/api/plugins/JavaBasePlugin$$Lambda$3971
instanceKlass org/gradle/api/plugins/JavaBasePlugin$$Lambda$3970
instanceKlass org/gradle/api/plugins/JavaBasePlugin$$Lambda$3969
instanceKlass org/gradle/api/internal/file/DefaultFilePropertyFactory$ResolvingDirectoryTransformer
instanceKlass org/gradle/api/plugins/JavaBasePlugin$$Lambda$3968
instanceKlass org/gradle/process/internal/DefaultProcessForkOptions
instanceKlass org/gradle/api/tasks/testing/Test$1
instanceKlass org/gradle/api/internal/file/DefaultProjectLayout$2
instanceKlass org/gradle/api/reporting/internal/TaskGeneratedSingleDirectoryReport$$Lambda$3967
instanceKlass org/gradle/api/reporting/internal/TaskGeneratedReport$1
instanceKlass org/gradle/api/reporting/internal/SimpleReport
instanceKlass org/gradle/api/reporting/internal/DefaultReportContainer$1
instanceKlass org/gradle/api/reporting/Report$1
instanceKlass org/gradle/api/tasks/testing/JUnitXmlReport
instanceKlass org/gradle/api/internal/tasks/testing/logging/DefaultTestLogging
instanceKlass org/gradle/api/internal/tasks/testing/logging/DefaultTestLoggingContainer
instanceKlass org/gradle/api/internal/tasks/testing/filter/DefaultTestFilter
instanceKlass org/gradle/api/internal/tasks/testing/JvmTestExecutionSpec
instanceKlass org/gradle/api/tasks/testing/TestFrameworkOptions
instanceKlass com/android/build/gradle/tasks/GenerateTestConfig$TestConfigInputs
instanceKlass org/gradle/api/internal/tasks/testing/TestFramework
instanceKlass org/codehaus/groovy/runtime/metaclass/ClosureMetaClass$$Lambda$3966
instanceKlass org/jetbrains/plugins/gradle/model/GradleConvention
instanceKlass org/gradle/api/internal/artifacts/ivyservice/ShortCircuitEmptyConfigurationResolver$EmptyResolvedConfiguration$1
instanceKlass org/jetbrains/kotlin/android/synthetic/idea/AndroidExtensionsGradleModelImpl
instanceKlass org/jetbrains/plugins/gradle/tooling/serialization/RepositoriesModelSerializationService$1
instanceKlass org/jetbrains/plugins/gradle/tooling/internal/RepositoriesModelImpl
instanceKlass org/jetbrains/kotlin/gradle/ModelBuilderUtilsKt
instanceKlass com/android/ide/gradle/model/impl/GradlePluginModelImpl$Companion
instanceKlass com/android/ide/gradle/model/impl/GradlePluginModelImpl
instanceKlass com/android/ide/gradle/model/GradlePluginModel
instanceKlass org/jetbrains/kotlin/parcelize/ide/ParcelizeGradleModelImpl
instanceKlass kotlin/jvm/internal/Intrinsics
instanceKlass org/jetbrains/kotlin/samWithReceiver/ide/SamWithReceiverModelImpl
instanceKlass org/jetbrains/kotlin/allopen/ide/AllOpenModelImpl
instanceKlass org/jetbrains/kotlin/annotation/plugin/ide/DumpedPluginModel
instanceKlass org/jetbrains/kotlin/noarg/ide/NoArgModelImpl
instanceKlass org/gradle/plugins/ide/idea/model/Dependency
instanceKlass org/jetbrains/plugins/gradle/tooling/serialization/ExternalTestsSerializationService$1
instanceKlass org/jetbrains/plugins/gradle/model/tests/ExternalTestSourceMapping
instanceKlass org/jetbrains/plugins/gradle/model/tests/DefaultExternalTestsModel
instanceKlass org/jetbrains/plugins/gradle/tooling/serialization/GradleExtensionsSerializationService$3
instanceKlass org/jetbrains/plugins/gradle/tooling/serialization/GradleExtensionsSerializationService$2
instanceKlass org/jetbrains/plugins/gradle/tooling/serialization/GradleExtensionsSerializationService$1
instanceKlass org/jetbrains/plugins/gradle/model/GradleConvention
instanceKlass org/jetbrains/plugins/gradle/model/ExternalTask
instanceKlass org/jetbrains/plugins/gradle/model/GradleConfiguration
instanceKlass org/jetbrains/plugins/gradle/model/GradleExtension
instanceKlass org/jetbrains/plugins/gradle/model/GradleProperty
instanceKlass org/jetbrains/plugins/gradle/model/GradleExtension
instanceKlass org/gradle/internal/extensibility/ExtensionsStorage$1
instanceKlass org/gradle/internal/extensibility/DefaultExtensionsSchema
instanceKlass org/gradle/api/plugins/ExtensionsSchema
instanceKlass org/jetbrains/plugins/gradle/model/DefaultGradleProperty
instanceKlass org/codehaus/groovy/runtime/typehandling/NumberMathModificationInfo$$Lambda$3965
instanceKlass org/codehaus/groovy/runtime/typehandling/NumberMathModificationInfo$$Lambda$3964
instanceKlass org/codehaus/groovy/runtime/typehandling/NumberMathModificationInfo$$Lambda$3963
instanceKlass org/codehaus/groovy/runtime/typehandling/NumberMathModificationInfo$$Lambda$3962
instanceKlass org/codehaus/groovy/runtime/typehandling/NumberMathModificationInfo$$Lambda$3961
instanceKlass org/codehaus/groovy/runtime/typehandling/NumberMathModificationInfo$$Lambda$3960
instanceKlass org/codehaus/groovy/runtime/typehandling/NumberMathModificationInfo$$Lambda$3959
instanceKlass org/codehaus/groovy/runtime/typehandling/NumberMathModificationInfo$$Lambda$3958
instanceKlass org/codehaus/groovy/runtime/typehandling/NumberMathModificationInfo$$Lambda$3957
instanceKlass org/codehaus/groovy/runtime/typehandling/NumberMathModificationInfo$$Lambda$3956
instanceKlass org/codehaus/groovy/runtime/typehandling/NumberMathModificationInfo$$Lambda$3955
instanceKlass org/codehaus/groovy/runtime/typehandling/NumberMathModificationInfo$$Lambda$3954
instanceKlass org/codehaus/groovy/runtime/typehandling/NumberMathModificationInfo$$Lambda$3953
instanceKlass org/codehaus/groovy/runtime/typehandling/NumberMathModificationInfo$$Lambda$3952
instanceKlass org/codehaus/groovy/runtime/typehandling/NumberMathModificationInfo$$Lambda$3951
instanceKlass org/codehaus/groovy/runtime/typehandling/NumberMathModificationInfo$$Lambda$3950
instanceKlass org/codehaus/groovy/runtime/typehandling/NumberMathModificationInfo$$Lambda$3949
instanceKlass org/codehaus/groovy/runtime/typehandling/NumberMathModificationInfo$$Lambda$3948
instanceKlass org/codehaus/groovy/runtime/typehandling/NumberMathModificationInfo$$Lambda$3947
instanceKlass org/codehaus/groovy/runtime/typehandling/NumberMathModificationInfo$$Lambda$3946
instanceKlass org/codehaus/groovy/runtime/typehandling/NumberMathModificationInfo$$Lambda$3945
instanceKlass org/codehaus/groovy/runtime/typehandling/NumberMathModificationInfo$$Lambda$3944
instanceKlass org/codehaus/groovy/runtime/typehandling/NumberMathModificationInfo$$Lambda$3943
instanceKlass org/codehaus/groovy/runtime/typehandling/NumberMathModificationInfo$$Lambda$3942
instanceKlass org/codehaus/groovy/runtime/typehandling/NumberMathModificationInfo$$Lambda$3941
instanceKlass org/codehaus/groovy/runtime/typehandling/NumberMathModificationInfo$$Lambda$3940
instanceKlass org/codehaus/groovy/runtime/typehandling/NumberMathModificationInfo$$Lambda$3939
instanceKlass org/codehaus/groovy/runtime/typehandling/NumberMathModificationInfo$$Lambda$3938
instanceKlass org/codehaus/groovy/runtime/typehandling/NumberMathModificationInfo$$Lambda$3937
instanceKlass org/codehaus/groovy/runtime/typehandling/NumberMathModificationInfo$$Lambda$3936
instanceKlass org/codehaus/groovy/runtime/typehandling/NumberMathModificationInfo$$Lambda$3935
instanceKlass org/codehaus/groovy/runtime/typehandling/NumberMathModificationInfo$$Lambda$3934
instanceKlass org/codehaus/groovy/runtime/typehandling/NumberMathModificationInfo$$Lambda$3933
instanceKlass org/codehaus/groovy/runtime/typehandling/NumberMathModificationInfo$$Lambda$3932
instanceKlass org/codehaus/groovy/runtime/typehandling/NumberMathModificationInfo$$Lambda$3931
instanceKlass org/codehaus/groovy/runtime/typehandling/NumberMathModificationInfo$$Lambda$3930
instanceKlass org/codehaus/groovy/runtime/typehandling/NumberMathModificationInfo$$Lambda$3929
instanceKlass org/codehaus/groovy/runtime/typehandling/NumberMathModificationInfo$$Lambda$3928
instanceKlass org/codehaus/groovy/runtime/typehandling/NumberMathModificationInfo$$Lambda$3927
instanceKlass org/codehaus/groovy/runtime/typehandling/NumberMathModificationInfo$$Lambda$3926
instanceKlass org/codehaus/groovy/runtime/typehandling/NumberMathModificationInfo$$Lambda$3925
instanceKlass org/codehaus/groovy/runtime/typehandling/NumberMathModificationInfo$$Lambda$3924
instanceKlass org/codehaus/groovy/runtime/typehandling/NumberMathModificationInfo$$Lambda$3923
instanceKlass org/codehaus/groovy/runtime/typehandling/NumberMathModificationInfo$$Lambda$3922
instanceKlass org/codehaus/groovy/runtime/typehandling/NumberMathModificationInfo$$Lambda$3921
instanceKlass org/codehaus/groovy/runtime/typehandling/NumberMathModificationInfo$$Lambda$3920
instanceKlass org/codehaus/groovy/runtime/typehandling/NumberMathModificationInfo$$Lambda$3919
instanceKlass org/codehaus/groovy/runtime/typehandling/NumberMathModificationInfo$$Lambda$3918
instanceKlass org/codehaus/groovy/runtime/typehandling/NumberMathModificationInfo$$Lambda$3917
instanceKlass org/codehaus/groovy/runtime/typehandling/NumberMathModificationInfo$$Lambda$3916
instanceKlass org/codehaus/groovy/runtime/typehandling/NumberMathModificationInfo$$Lambda$3915
instanceKlass org/codehaus/groovy/runtime/typehandling/NumberMathModificationInfo$$Lambda$3914
instanceKlass org/codehaus/groovy/runtime/typehandling/NumberMathModificationInfo$$Lambda$3913
instanceKlass org/codehaus/groovy/runtime/typehandling/NumberMathModificationInfo$$Lambda$3912
instanceKlass org/codehaus/groovy/runtime/typehandling/NumberMathModificationInfo$$Lambda$3911
instanceKlass org/codehaus/groovy/runtime/typehandling/NumberMathModificationInfo$$Lambda$3910
instanceKlass org/codehaus/groovy/runtime/typehandling/NumberMathModificationInfo$$Lambda$3909
instanceKlass org/codehaus/groovy/runtime/typehandling/NumberMathModificationInfo$$Lambda$3908
instanceKlass org/codehaus/groovy/runtime/typehandling/NumberMathModificationInfo$$Lambda$3907
instanceKlass org/codehaus/groovy/runtime/typehandling/NumberMathModificationInfo$$Lambda$3906
instanceKlass org/codehaus/groovy/runtime/typehandling/NumberMathModificationInfo$$Lambda$3905
instanceKlass org/codehaus/groovy/runtime/typehandling/NumberMathModificationInfo$$Lambda$3904
instanceKlass org/codehaus/groovy/runtime/typehandling/NumberMathModificationInfo$$Lambda$3903
instanceKlass org/codehaus/groovy/runtime/typehandling/NumberMathModificationInfo$$Lambda$3902
instanceKlass org/codehaus/groovy/runtime/typehandling/NumberMathModificationInfo$$Lambda$3901
instanceKlass org/codehaus/groovy/runtime/typehandling/NumberMathModificationInfo$$Lambda$3900
instanceKlass org/codehaus/groovy/runtime/typehandling/NumberMathModificationInfo$$Lambda$3899
instanceKlass org/codehaus/groovy/runtime/typehandling/NumberMathModificationInfo$$Lambda$3898
instanceKlass org/codehaus/groovy/runtime/typehandling/NumberMathModificationInfo$$Lambda$3897
instanceKlass org/codehaus/groovy/runtime/typehandling/NumberMathModificationInfo$$Lambda$3896
instanceKlass org/codehaus/groovy/runtime/typehandling/NumberMathModificationInfo$$Lambda$3895
instanceKlass org/codehaus/groovy/runtime/typehandling/NumberMathModificationInfo$$Lambda$3894
instanceKlass org/codehaus/groovy/runtime/typehandling/NumberMathModificationInfo
instanceKlass org/codehaus/groovy/runtime/metaclass/ClosureMetaClass$$Lambda$3893
instanceKlass org/jetbrains/plugins/gradle/model/DefaultGradleConfiguration
instanceKlass org/jetbrains/plugins/gradle/model/GradleConfiguration
instanceKlass org/jetbrains/plugins/gradle/model/DefaultGradleExtensions
instanceKlass com/amazon/ion/impl/bin/IonRawBinaryWriter$PatchList$1
instanceKlass com/amazon/ion/impl/bin/IonRawBinaryWriter$PatchList$Node
instanceKlass com/amazon/ion/impl/bin/IonRawBinaryWriter$PatchPoint
instanceKlass com/amazon/ion/impl/bin/IonRawBinaryWriter$ContainerInfo
instanceKlass gnu/trove/PrimeFinder
instanceKlass org/jetbrains/plugins/gradle/tooling/serialization/BuildScriptClasspathModelSerializationService$1
instanceKlass com/amazon/ion/impl/bin/IonManagedBinaryWriter$ImportDescriptor
instanceKlass com/amazon/ion/impl/bin/IonRawBinaryWriter$1
instanceKlass com/amazon/ion/impl/bin/IonRawBinaryWriter$RecyclingStack
instanceKlass com/amazon/ion/impl/bin/IonRawBinaryWriter$PatchList
instanceKlass com/amazon/ion/impl/bin/WriteBuffer
instanceKlass com/amazon/ion/impl/bin/Block
instanceKlass com/amazon/ion/impl/_Private_SymtabExtendsCache
instanceKlass com/amazon/ion/impl/lite/ContainerlessContext
instanceKlass com/amazon/ion/impl/lite/IonLoaderLite
instanceKlass com/amazon/ion/impl/LocalSymbolTable
instanceKlass com/amazon/ion/impl/LocalSymbolTableAsStruct$Factory
instanceKlass com/amazon/ion/IonDatagram
instanceKlass com/amazon/ion/IonLoader
instanceKlass com/amazon/ion/IonStruct
instanceKlass com/amazon/ion/IonSexp
instanceKlass com/amazon/ion/impl/lite/IonContext
instanceKlass com/amazon/ion/impl/_Private_IonContainer
instanceKlass com/amazon/ion/impl/_Private_IonSymbol
instanceKlass com/amazon/ion/IonTimestamp
instanceKlass com/amazon/ion/IonInt
instanceKlass com/amazon/ion/impl/lite/IonValueLite
instanceKlass com/amazon/ion/impl/_Private_IonValue
instanceKlass com/amazon/ion/IonNull
instanceKlass com/amazon/ion/IonClob
instanceKlass com/amazon/ion/IonBool
instanceKlass com/amazon/ion/IonBlob
instanceKlass com/amazon/ion/IonLob
instanceKlass com/amazon/ion/IonSymbol
instanceKlass com/amazon/ion/IonDecimal
instanceKlass com/amazon/ion/IonNumber
instanceKlass com/amazon/ion/IonList
instanceKlass com/amazon/ion/IonSequence
instanceKlass com/amazon/ion/IonContainer
instanceKlass com/amazon/ion/IonFloat
instanceKlass com/amazon/ion/IonString
instanceKlass com/amazon/ion/IonText
instanceKlass com/amazon/ion/impl/lite/ValueFactoryLite
instanceKlass com/amazon/ion/impl/_Private_ValueFactory
instanceKlass com/amazon/ion/impl/_Private_IonSystem
instanceKlass com/amazon/ion/IonSystem
instanceKlass com/amazon/ion/impl/lite/_Private_LiteDomTrampoline
instanceKlass com/amazon/ion/system/IonReaderBuilder
instanceKlass com/amazon/ion/IonValue
instanceKlass com/amazon/ion/IonReader
instanceKlass com/amazon/ion/impl/SharedSymbolTable
instanceKlass com/amazon/ion/util/_Private_FastAppendable
instanceKlass com/amazon/ion/impl/_Private_IonWriterBase
instanceKlass com/amazon/ion/impl/_Private_ReaderWriter
instanceKlass com/amazon/ion/impl/_Private_Utils$1
instanceKlass com/amazon/ion/impl/_Private_Utils
instanceKlass com/amazon/ion/system/IonSystemBuilder
instanceKlass com/amazon/ion/system/SimpleCatalog
instanceKlass com/amazon/ion/IonMutableCatalog
instanceKlass com/amazon/ion/impl/bin/IonRawBinaryWriter$RecyclingStack$ElementFactory
instanceKlass com/amazon/ion/impl/bin/IonManagedBinaryWriter$ImportedSymbolResolverMode$1$1$1
instanceKlass com/amazon/ion/impl/bin/IonManagedBinaryWriter$SymbolResolver
instanceKlass com/amazon/ion/impl/bin/IonManagedBinaryWriter$ImportedSymbolResolverMode$1$1
instanceKlass com/amazon/ion/impl/bin/AbstractSymbolTable
instanceKlass com/amazon/ion/impl/bin/Symbols$1
instanceKlass com/amazon/ion/SymbolToken
instanceKlass com/amazon/ion/impl/bin/Symbols
instanceKlass com/amazon/ion/impl/bin/IonManagedBinaryWriter$SymbolResolverBuilder
instanceKlass com/amazon/ion/impl/bin/IonManagedBinaryWriter$ImportedSymbolContext
instanceKlass com/amazon/ion/impl/bin/_Private_IonRawWriter
instanceKlass com/amazon/ion/impl/bin/AbstractIonWriter
instanceKlass com/amazon/ion/impl/_Private_ByteTransferSink
instanceKlass com/amazon/ion/impl/_Private_IonWriter
instanceKlass com/amazon/ion/impl/bin/_Private_IonManagedWriter
instanceKlass com/amazon/ion/impl/bin/IonBinaryWriterAdapter$Factory
instanceKlass com/amazon/ion/IonCatalog
instanceKlass com/amazon/ion/impl/bin/_Private_IonManagedBinaryWriterBuilder
instanceKlass com/amazon/ion/impl/bin/BlockAllocator
instanceKlass com/amazon/ion/IonBinaryWriter
instanceKlass com/amazon/ion/IonWriter
instanceKlass com/amazon/ion/facet/Faceted
instanceKlass com/amazon/ion/impl/_Private_LocalSymbolTableFactory
instanceKlass com/amazon/ion/ValueFactory
instanceKlass com/amazon/ion/SymbolTable
instanceKlass com/amazon/ion/impl/bin/BlockAllocatorProvider
instanceKlass com/amazon/ion/system/IonWriterBuilder
instanceKlass org/jetbrains/plugins/gradle/tooling/serialization/ToolingStreamApiUtils
instanceKlass com/intellij/util/Function
instanceKlass com/intellij/openapi/util/Pair
instanceKlass org/jetbrains/plugins/gradle/model/ClasspathEntryModel
instanceKlass org/jetbrains/plugins/gradle/tooling/internal/ClasspathEntryModelImpl
instanceKlass org/jetbrains/plugins/gradle/tooling/util/DependencyTraverser$Itr
instanceKlass org/jetbrains/plugins/gradle/tooling/util/DependencyTraverser
instanceKlass org/jetbrains/plugins/gradle/tooling/util/resolve/DependencyResolverImpl$3$1
instanceKlass org/jetbrains/plugins/gradle/tooling/util/resolve/DependencyResolverImpl$3
instanceKlass org/gradle/internal/impldep/com/google/common/base/ExtraObjectsMethodsForWeb
instanceKlass org/jetbrains/plugins/gradle/DefaultExternalDependencyId
instanceKlass org/jetbrains/plugins/gradle/tooling/util/BooleanBiFunction
instanceKlass org/jetbrains/plugins/gradle/tooling/util/BiFunction
instanceKlass org/jetbrains/plugins/gradle/ExternalDependencyId
instanceKlass org/gradle/api/internal/artifacts/result/DefaultArtifactResolutionResult
instanceKlass org/gradle/api/internal/artifacts/ivyservice/ivyresolve/ErrorHandlingModuleComponentRepository$ErrorHandlingModuleComponentRepositoryAccess$$Lambda$3892
instanceKlass org/gradle/api/internal/artifacts/ivyservice/ivyresolve/ErrorHandlingModuleComponentRepository$ErrorHandlingModuleComponentRepositoryAccess$$Lambda$3891
instanceKlass org/gradle/api/internal/artifacts/ivyservice/ivyresolve/ErrorHandlingModuleComponentRepository$ErrorHandlingModuleComponentRepositoryAccess$$Lambda$3890
instanceKlass org/gradle/api/internal/artifacts/result/DefaultComponentArtifactsResult
instanceKlass org/gradle/api/artifacts/result/ArtifactResolutionResult
instanceKlass org/gradle/api/artifacts/result/ComponentArtifactsResult
instanceKlass org/gradle/api/internal/artifacts/query/DefaultArtifactResolutionQuery
instanceKlass org/jetbrains/plugins/gradle/tooling/util/ModuleIdentifierImpl
instanceKlass org/jetbrains/plugins/gradle/tooling/util/ModuleComponentIdentifierImpl
instanceKlass org/apache/commons/lang/ObjectUtils$Null
instanceKlass org/apache/commons/lang/exception/Nestable
instanceKlass org/apache/commons/lang/ObjectUtils
instanceKlass org/gradle/api/internal/artifacts/DefaultResolvedDependency$ResolvedArtifactComparator
instanceKlass org/gradle/api/internal/artifacts/ivyservice/ArtifactCollectingVisitor
instanceKlass org/gradle/api/internal/artifacts/ivyservice/ErrorHandlingConfigurationResolver$ErrorHandlingLenientConfiguration
instanceKlass org/gradle/tooling/model/DomainObjectSet
instanceKlass org/jetbrains/plugins/gradle/tooling/internal/BuildScriptClasspathModelImpl
instanceKlass org/jetbrains/plugins/gradle/tooling/util/JavaPluginUtil
instanceKlass org/gradle/internal/impldep/com/google/common/collect/Multimap
instanceKlass org/jetbrains/plugins/gradle/model/FileCollectionDependency
instanceKlass org/jetbrains/plugins/gradle/model/ExternalLibraryDependency
instanceKlass org/jetbrains/plugins/gradle/model/ExternalProjectDependency
instanceKlass org/jetbrains/plugins/gradle/model/AbstractExternalDependency
instanceKlass org/jetbrains/plugins/gradle/model/ExternalDependency
instanceKlass org/jetbrains/plugins/gradle/tooling/util/resolve/DependencyResolverImpl
instanceKlass org/jetbrains/plugins/gradle/tooling/util/DependencyResolver
instanceKlass org/jetbrains/plugins/gradle/tooling/util/SourceSetCachedFinder$2
instanceKlass org/jetbrains/plugins/gradle/tooling/util/SourceSetCachedFinder$ArtifactsMap
instanceKlass org/jetbrains/plugins/gradle/tooling/util/SourceSetCachedFinder$1
instanceKlass org/gradle/execution/TaskNameResolver$FixedTaskSelectionResult
instanceKlass org/gradle/api/tasks/options/Option
instanceKlass org/gradle/execution/TaskNameResolver$MultiProjectTaskSelectionResult
instanceKlass org/gradle/execution/DefaultTaskSelector$TaskPathSpec
instanceKlass org/gradle/tooling/internal/provider/PhasedBuildActionResult
instanceKlass org/jetbrains/plugins/gradle/model/internal/TurnOffDefaultTasks
instanceKlass org/gradle/tooling/model/internal/Exceptions
instanceKlass org/jetbrains/plugins/gradle/model/ProjectImportAction$2
instanceKlass org/jetbrains/kotlin/commonizer/CommonizerTarget
instanceKlass org/jetbrains/kotlin/commonizer/KonanDistribution
instanceKlass org/jetbrains/kotlin/gradle/UtilsKt
instanceKlass org/jetbrains/kotlin/gradle/targets/native/internal/KotlinNativePlatformDependenciesKt
instanceKlass org/jetbrains/kotlin/gradle/model/Kapt
instanceKlass org/jetbrains/kotlin/gradle/model/KotlinProject
instanceKlass com/android/builder/model/v2/models/ndk/NativeModule
instanceKlass com/android/builder/model/v2/models/ProjectSyncIssues
instanceKlass com/android/builder/model/v2/models/VariantDependencies
instanceKlass com/android/builder/model/v2/models/GlobalLibraryMap
instanceKlass com/android/builder/model/v2/models/AndroidDsl
instanceKlass com/android/builder/model/v2/models/AndroidProject
instanceKlass com/android/builder/model/v2/models/ModelVersions
instanceKlass com/android/builder/model/v2/AndroidModel
instanceKlass com/android/builder/model/AppBundleProjectBuildOutput
instanceKlass com/android/builder/model/ProjectSyncIssues
instanceKlass com/android/builder/model/level2/GlobalLibraryMap
instanceKlass com/android/builder/model/AndroidProject
instanceKlass org/gradle/tooling/provider/model/internal/DefaultToolingModelBuilderRegistry$LockSingleProjectBuilder$$Lambda$3889
instanceKlass org/jetbrains/plugins/gradle/tooling/util/VersionMatcher
instanceKlass org/jetbrains/plugins/gradle/tooling/annotation/TargetVersions
instanceKlass org/jetbrains/plugins/gradle/model/ProjectImportAction$1
instanceKlass org/jetbrains/plugins/gradle/model/ProjectImportAction$MyBuildController
instanceKlass org/jetbrains/plugins/gradle/model/ProjectImportAction$ToolingSerializerAdapter$1
instanceKlass gnu/trove/TIntObjectProcedure
instanceKlass gnu/trove/TIntHashingStrategy
instanceKlass org/jetbrains/plugins/gradle/tooling/util/IntObjectMap
instanceKlass org/jetbrains/plugins/gradle/tooling/serialization/internal/IdeaProjectSerializationService$ReadContext
instanceKlass org/jetbrains/plugins/gradle/tooling/serialization/internal/IdeaProjectSerializationService$WriteContext$8
instanceKlass org/jetbrains/plugins/gradle/tooling/serialization/internal/IdeaProjectSerializationService$WriteContext$7
instanceKlass org/jetbrains/plugins/gradle/tooling/serialization/internal/IdeaProjectSerializationService$WriteContext$6
instanceKlass org/jetbrains/plugins/gradle/tooling/serialization/internal/IdeaProjectSerializationService$WriteContext$5
instanceKlass org/jetbrains/plugins/gradle/tooling/serialization/internal/IdeaProjectSerializationService$WriteContext$4
instanceKlass org/jetbrains/plugins/gradle/tooling/serialization/internal/IdeaProjectSerializationService$WriteContext$3
instanceKlass org/jetbrains/plugins/gradle/tooling/serialization/internal/IdeaProjectSerializationService$WriteContext$2
instanceKlass org/jetbrains/plugins/gradle/tooling/serialization/internal/IdeaProjectSerializationService$WriteContext$1
instanceKlass org/jetbrains/plugins/gradle/tooling/util/ObjectCollector
instanceKlass org/jetbrains/plugins/gradle/tooling/serialization/internal/IdeaProjectSerializationService$WriteContext
instanceKlass gnu/trove/TObjectHash$NULL
instanceKlass gnu/trove/TObjectIntProcedure
instanceKlass gnu/trove/THash
instanceKlass gnu/trove/TObjectHashingStrategy
instanceKlass gnu/trove/Equality
instanceKlass org/jetbrains/plugins/gradle/tooling/util/GradleVersionComparator
instanceKlass org/gradle/api/Action
instanceKlass org/gradle/internal/IoActions
instanceKlass com/intellij/openapi/util/Getter
instanceKlass org/jetbrains/plugins/gradle/tooling/util/ObjectCollector$Processor
instanceKlass org/jetbrains/plugins/gradle/tooling/util/IntObjectMap$ObjectFactory
instanceKlass org/jetbrains/plugins/gradle/tooling/serialization/internal/IdeaProjectSerializationService
instanceKlass org/jetbrains/plugins/gradle/tooling/serialization/ProjectDependenciesSerializationService$ReadContext
instanceKlass org/jetbrains/plugins/gradle/tooling/serialization/ProjectDependenciesSerializationService$WriteContext
instanceKlass org/jetbrains/plugins/gradle/tooling/serialization/ProjectDependenciesSerializationService
instanceKlass org/jetbrains/plugins/gradle/tooling/serialization/AnnotationProcessingModelSerializationService$ReadContext
instanceKlass org/jetbrains/plugins/gradle/tooling/serialization/AnnotationProcessingModelSerializationService$WriteContext
instanceKlass org/jetbrains/plugins/gradle/model/AnnotationProcessingConfig
instanceKlass com/intellij/openapi/util/Getter
instanceKlass org/jetbrains/plugins/gradle/tooling/serialization/AnnotationProcessingModelSerializationService
instanceKlass org/jetbrains/plugins/gradle/tooling/serialization/ExternalTestsSerializationService$ReadContext
instanceKlass org/jetbrains/plugins/gradle/tooling/serialization/ExternalTestsSerializationService$WriteContext
instanceKlass org/jetbrains/plugins/gradle/tooling/serialization/ExternalTestsSerializationService
instanceKlass org/jetbrains/plugins/gradle/tooling/serialization/GradleExtensionsSerializationService$ReadContext
instanceKlass org/jetbrains/plugins/gradle/tooling/serialization/GradleExtensionsSerializationService$WriteContext
instanceKlass org/jetbrains/plugins/gradle/model/GradleProperty
instanceKlass org/jetbrains/plugins/gradle/tooling/serialization/GradleExtensionsSerializationService
instanceKlass org/jetbrains/plugins/gradle/tooling/serialization/RepositoriesModelSerializationService$ReadContext
instanceKlass org/jetbrains/plugins/gradle/tooling/serialization/RepositoriesModelSerializationService$WriteContext
instanceKlass org/jetbrains/plugins/gradle/tooling/serialization/RepositoriesModelSerializationService
instanceKlass org/jetbrains/plugins/gradle/tooling/serialization/BuildScriptClasspathModelSerializationService$ReadContext
instanceKlass org/jetbrains/plugins/gradle/tooling/serialization/BuildScriptClasspathModelSerializationService$WriteContext
instanceKlass org/jetbrains/plugins/gradle/tooling/serialization/BuildScriptClasspathModelSerializationService
instanceKlass gnu/trove/TIntObjectProcedure
instanceKlass gnu/trove/TIntHashingStrategy
instanceKlass org/jetbrains/plugins/gradle/tooling/util/IntObjectMap
instanceKlass org/jetbrains/plugins/gradle/tooling/serialization/ExternalProjectSerializationService$ReadContext
instanceKlass gnu/trove/TObjectHash$NULL
instanceKlass gnu/trove/TObjectIntProcedure
instanceKlass gnu/trove/THash
instanceKlass gnu/trove/TObjectCanonicalHashingStrategy
instanceKlass gnu/trove/TObjectIdentityHashingStrategy
instanceKlass gnu/trove/TObjectHashingStrategy
instanceKlass gnu/trove/Equality
instanceKlass org/jetbrains/plugins/gradle/tooling/util/ObjectCollector
instanceKlass org/jetbrains/plugins/gradle/tooling/serialization/ExternalProjectSerializationService$WriteContext
instanceKlass org/jetbrains/plugins/gradle/model/FilePatternSet
instanceKlass org/jetbrains/plugins/gradle/tooling/util/IntObjectMap$ObjectFactory
instanceKlass org/jetbrains/plugins/gradle/tooling/util/ObjectCollector$Processor
instanceKlass com/intellij/util/ThrowableConsumer
instanceKlass org/jetbrains/plugins/gradle/tooling/serialization/ExternalProjectSerializationService
instanceKlass org/jetbrains/plugins/gradle/tooling/util/ClassMap
instanceKlass org/jetbrains/plugins/gradle/tooling/serialization/DefaultSerializationService
instanceKlass org/jetbrains/plugins/gradle/tooling/serialization/SerializationService
instanceKlass org/jetbrains/plugins/gradle/tooling/serialization/ToolingSerializer
instanceKlass org/jetbrains/plugins/gradle/tooling/serialization/ToolingSerializer
instanceKlass org/jetbrains/plugins/gradle/tooling/internal/ExtraModelBuilder$1
instanceKlass org/gradle/tooling/provider/model/internal/DefaultToolingModelBuilderRegistry$BuilderWithParameter
instanceKlass org/jetbrains/plugins/gradle/model/internal/DummyModel
instanceKlass org/gradle/tooling/model/build/JavaEnvironment
instanceKlass org/gradle/tooling/model/build/GradleEnvironment
instanceKlass org/gradle/tooling/model/build/JavaEnvironment
instanceKlass org/gradle/tooling/model/build/GradleEnvironment
instanceKlass org/gradle/tooling/internal/build/DefaultBuildEnvironment
instanceKlass org/gradle/tooling/internal/protocol/InternalBuildEnvironment
instanceKlass org/gradle/process/internal/DefaultJavaDebugOptions
instanceKlass org/gradle/process/internal/JvmOptions
instanceKlass org/gradle/process/internal/CurrentProcess
instanceKlass org/jetbrains/plugins/gradle/model/ProjectImportAction$DefaultBuild$DefaultProjectModel
instanceKlass org/jetbrains/plugins/gradle/model/Project
instanceKlass org/gradle/internal/Cast
instanceKlass org/gradle/internal/impldep/com/google/common/base/Preconditions
instanceKlass org/gradle/internal/impldep/com/google/common/base/Optional
instanceKlass org/gradle/tooling/internal/adapter/ProtocolToModelAdapter$MethodInvocationCache$MethodInvocationKey
instanceKlass org/gradle/tooling/internal/adapter/MethodInvocation
instanceKlass org/jetbrains/plugins/gradle/model/ProjectImportAction$DefaultBuild
instanceKlass org/jetbrains/plugins/gradle/tooling/serialization/SerializationService
instanceKlass org/gradle/tooling/internal/adapter/ProtocolToModelAdapter$BeanMixInMethodInvoker
instanceKlass org/gradle/plugins/ide/internal/tooling/model/DefaultGradleBuild
instanceKlass org/gradle/tooling/internal/adapter/ProtocolToModelAdapter$AdaptingMethodInvoker
instanceKlass org/gradle/tooling/internal/adapter/ProtocolToModelAdapter$PropertyCachingMethodInvoker
instanceKlass org/gradle/tooling/internal/adapter/ProtocolToModelAdapter$SafeMethodInvoker
instanceKlass org/gradle/tooling/internal/adapter/ProtocolToModelAdapter$SupportedPropertyInvoker
instanceKlass org/gradle/tooling/internal/adapter/ProtocolToModelAdapter$ChainedMethodInvoker
instanceKlass org/gradle/tooling/internal/adapter/ProtocolToModelAdapter$ClassMixInMethodInvoker
instanceKlass org/gradle/tooling/internal/adapter/ProtocolToModelAdapter$InvocationHandlerImpl
instanceKlass org/gradle/tooling/internal/adapter/ProtocolToModelAdapter$ViewKey
instanceKlass org/gradle/tooling/model/idea/IdeaSourceDirectory
instanceKlass org/gradle/tooling/model/SourceDirectory
instanceKlass org/gradle/tooling/model/idea/IdeaContentRoot
instanceKlass org/gradle/tooling/model/java/InstalledJdk
instanceKlass org/gradle/tooling/model/idea/IdeaDependencyScope
instanceKlass org/gradle/tooling/model/idea/IdeaCompilerOutput
instanceKlass org/gradle/tooling/model/GradleTask
instanceKlass org/gradle/tooling/model/gradle/GradleScript
instanceKlass org/gradle/tooling/model/Task
instanceKlass org/gradle/tooling/model/Launchable
instanceKlass org/gradle/tooling/model/idea/IdeaModule
instanceKlass org/gradle/tooling/model/idea/IdeaJavaLanguageSettings
instanceKlass org/gradle/tooling/model/idea/IdeaLanguageLevel
instanceKlass org/gradle/tooling/model/cpp/CppBinary
instanceKlass org/gradle/tooling/model/cpp/CppComponent
instanceKlass org/gradle/tooling/internal/adapter/ProtocolToModelAdapter$MixInMappingAction
instanceKlass org/gradle/tooling/internal/consumer/converters/EclipseExternalDependencyUnresolvedMixin
instanceKlass org/gradle/tooling/model/eclipse/EclipseExternalDependency
instanceKlass org/gradle/tooling/model/eclipse/EclipseClasspathEntry
instanceKlass org/gradle/tooling/internal/consumer/converters/EclipseProjectHasAutoBuildMixin
instanceKlass org/gradle/tooling/internal/consumer/converters/IncludedBuildsMixin
instanceKlass org/gradle/tooling/internal/consumer/converters/IdeaModuleDependencyTargetNameMixin
instanceKlass org/gradle/tooling/internal/consumer/converters/IdeaProjectJavaLanguageSettingsMixin
instanceKlass org/gradle/tooling/internal/consumer/converters/FixedBuildIdentifierProvider
instanceKlass org/gradle/tooling/internal/consumer/converters/BasicGradleProjectIdentifierMixin
instanceKlass org/gradle/tooling/internal/adapter/ProtocolToModelAdapter$TypeSpecificMappingAction
instanceKlass org/gradle/tooling/internal/consumer/converters/GradleProjectIdentifierMixin
instanceKlass org/gradle/tooling/internal/gradle/DefaultBuildIdentifier
instanceKlass org/gradle/tooling/model/BuildIdentifier
instanceKlass org/gradle/tooling/internal/gradle/DefaultProjectIdentifier
instanceKlass org/gradle/tooling/model/ProjectIdentifier
instanceKlass org/gradle/tooling/internal/gradle/GradleProjectIdentity
instanceKlass org/gradle/tooling/internal/gradle/GradleBuildIdentity
instanceKlass org/gradle/tooling/internal/adapter/ProtocolToModelAdapter$DefaultViewBuilder
instanceKlass org/gradle/tooling/internal/provider/connection/ProviderBuildResult
instanceKlass com/google/common/collect/MultimapBuilder$EnumSetSupplier
instanceKlass org/gradle/plugins/ide/internal/resolver/IdeDependencySet$1
instanceKlass org/gradle/plugins/ide/internal/resolver/IdeDependencySet
instanceKlass org/gradle/plugins/ide/idea/model/internal/IdeaDependenciesProvider$$Lambda$3888
instanceKlass org/gradle/plugins/ide/internal/resolver/UnresolvedIdeDependencyHandler
instanceKlass org/gradle/plugins/ide/idea/model/internal/IdeaDependenciesProvider$IdeaDependenciesVisitor
instanceKlass org/gradle/plugins/ide/idea/model/internal/IdeaDependenciesOptimizer
instanceKlass org/gradle/plugins/ide/idea/model/internal/ModuleDependencyBuilder
instanceKlass org/gradle/plugins/ide/internal/resolver/DefaultGradleApiSourcesResolver
instanceKlass org/gradle/plugins/ide/internal/resolver/IdeDependencyVisitor
instanceKlass org/gradle/plugins/ide/idea/model/internal/IdeaDependenciesProvider
instanceKlass org/gradle/plugins/ide/internal/tooling/idea/DefaultIdeaCompilerOutput
instanceKlass org/gradle/plugins/ide/internal/tooling/idea/DefaultIdeaModule
instanceKlass org/gradle/plugins/ide/internal/tooling/idea/DefaultIdeaContentRoot
instanceKlass org/gradle/plugins/ide/idea/IdeaPlugin$9$1
instanceKlass org/gradle/plugins/ide/idea/IdeaPlugin$9$2
instanceKlass org/gradle/plugins/ide/internal/tooling/java/DefaultInstalledJdk
instanceKlass org/gradle/plugins/ide/internal/tooling/idea/DefaultIdeaJavaLanguageSettings
instanceKlass org/gradle/plugins/ide/internal/tooling/idea/DefaultIdeaLanguageLevel
instanceKlass org/gradle/plugins/ide/internal/tooling/idea/DefaultIdeaProject
instanceKlass org/gradle/tooling/internal/gradle/DefaultBuildIdentifier
instanceKlass org/gradle/tooling/model/BuildIdentifier
instanceKlass org/gradle/tooling/internal/gradle/DefaultProjectIdentifier
instanceKlass org/gradle/tooling/model/ProjectIdentifier
instanceKlass org/gradle/plugins/ide/internal/tooling/model/DefaultGradleScript
instanceKlass org/gradle/tooling/model/gradle/GradleScript
instanceKlass org/gradle/plugins/ide/internal/tooling/model/DefaultGradleProject
instanceKlass org/gradle/plugins/ide/idea/IdeaPlugin$$Lambda$3887
instanceKlass org/gradle/plugins/ide/idea/internal/IdeaScalaConfigurer$1
instanceKlass org/gradle/plugins/ide/idea/internal/IdeaScalaConfigurer
instanceKlass org/gradle/plugins/ide/idea/IdeaPlugin$30
instanceKlass org/gradle/api/plugins/scala/ScalaBasePlugin
instanceKlass org/gradle/plugins/ide/idea/IdeaPlugin$20
instanceKlass org/gradle/api/plugins/WarPlugin
instanceKlass org/gradle/plugins/ide/idea/IdeaPlugin$19
instanceKlass org/gradle/plugins/ide/idea/internal/IdeaModuleMetadata
instanceKlass org/gradle/plugins/ide/idea/IdeaPlugin$18
instanceKlass org/gradle/plugins/ide/idea/IdeaPlugin$17
instanceKlass org/gradle/plugins/ide/idea/IdeaPlugin$16
instanceKlass org/gradle/plugins/ide/idea/IdeaPlugin$15
instanceKlass org/gradle/plugins/ide/idea/IdeaPlugin$14
instanceKlass org/gradle/plugins/ide/idea/IdeaPlugin$13
instanceKlass org/gradle/plugins/ide/idea/IdeaPlugin$12
instanceKlass com/google/common/collect/AbstractMapBasedMultimap$AsMap$AsMapIterator
instanceKlass org/gradle/plugins/ide/internal/configurer/HierarchicalElementDeduplicator$StatefulDeduplicator$1
instanceKlass org/gradle/plugins/ide/internal/configurer/HierarchicalElementDeduplicator$StatefulDeduplicator
instanceKlass org/gradle/plugins/ide/internal/configurer/DefaultUniqueProjectNameProvider$ProjectPathDeduplicationAdapter
instanceKlass org/gradle/plugins/ide/internal/configurer/HierarchicalElementDeduplicator
instanceKlass org/gradle/plugins/ide/idea/IdeaPlugin$11
instanceKlass org/gradle/plugins/ide/idea/model/Path
instanceKlass org/gradle/plugins/ide/internal/resolver/GradleApiSourcesResolver
instanceKlass org/gradle/plugins/ide/internal/IdePlugin$9
